Log file open, 01/29/21 18:47:45
LogInit: Display: Running engine for game: MyProject2
LogPlatformFile: Not using cached read wrapper
LogTaskGraph: Started task graph with 5 named threads and 11 total threads with 3 sets of task threads.
LogStats: Stats thread started at 0.210881
LogD3D11RHI: Loaded GFSDK_Aftermath_Lib.x64.dll
LogICUInternationalization: ICU TimeZone Detection - Raw Offset: +0:00, Platform Override: ''
LogPluginManager: Mounting plugin Paper2D
LogPluginManager: Mounting plugin AISupport
LogPluginManager: Mounting plugin LightPropagationVolume
LogPluginManager: Mounting plugin CameraShakePreviewer
LogPluginManager: Mounting plugin ActorLayerUtilities
LogPluginManager: Mounting plugin AnimationSharing
LogPluginManager: Mounting plugin CLionSourceCodeAccess
LogPluginManager: Mounting plugin CodeLiteSourceCodeAccess
LogPluginManager: Mounting plugin GitSourceControl
LogPluginManager: Mounting plugin KDevelopSourceCodeAccess
LogPluginManager: Mounting plugin NullSourceCodeAccess
LogPluginManager: Mounting plugin PerforceSourceControl
LogPluginManager: Mounting plugin PlasticSourceControl
LogPluginManager: Mounting plugin RiderSourceCodeAccess
LogPluginManager: Mounting plugin SubversionSourceControl
LogPluginManager: Mounting plugin UObjectPlugin
LogPluginManager: Mounting plugin VisualStudioCodeSourceCodeAccess
LogPluginManager: Mounting plugin VisualStudioSourceCodeAccess
LogPluginManager: Mounting plugin XCodeSourceCodeAccess
LogPluginManager: Mounting plugin AssetManagerEditor
LogPluginManager: Mounting plugin CryptoKeys
LogPluginManager: Mounting plugin CurveEditorTools
LogPluginManager: Mounting plugin DataValidation
LogPluginManager: Mounting plugin EditorScriptingUtilities
LogPluginManager: Mounting plugin FacialAnimation
LogPluginManager: Mounting plugin GameplayTagsEditor
LogPluginManager: Mounting plugin GeometryMode
LogPluginManager: Mounting plugin MacGraphicsSwitching
LogPluginManager: Mounting plugin MaterialAnalyzer
LogPluginManager: Mounting plugin MobileLauncherProfileWizard
LogPluginManager: Mounting plugin PluginBrowser
LogPluginManager: Mounting plugin SpeedTreeImporter
LogPluginManager: Mounting plugin DatasmithContent
LogPluginManager: Mounting plugin VariantManagerContent
LogPluginManager: Mounting plugin AlembicImporter
LogPluginManager: Mounting plugin AutomationUtils
LogPluginManager: Mounting plugin BackChannel
LogPluginManager: Mounting plugin ChaosCloth
LogPluginManager: Mounting plugin ChaosClothEditor
LogPluginManager: Mounting plugin ChaosEditor
LogPluginManager: Mounting plugin ChaosNiagara
LogPluginManager: Mounting plugin ChaosSolverPlugin
LogPluginManager: Mounting plugin CharacterAI
LogPluginManager: Mounting plugin GeometryCache
LogPluginManager: Mounting plugin GeometryCollectionPlugin
LogPluginManager: Mounting plugin GeometryProcessing
LogPluginManager: Mounting plugin PlanarCut
LogPluginManager: Mounting plugin PlatformCrypto
LogPluginManager: Mounting plugin ProxyLODPlugin
LogPluginManager: Mounting plugin SkeletalReduction
LogPluginManager: Mounting plugin Niagara
LogPluginManager: Mounting plugin MagicLeap
LogPluginManager: Mounting plugin MagicLeapLightEstimation
LogPluginManager: Mounting plugin MagicLeapMedia
LogPluginManager: Mounting plugin MagicLeapPassableWorld
LogPluginManager: Mounting plugin MLSDK
LogPluginManager: Mounting plugin AndroidMedia
LogPluginManager: Mounting plugin AvfMedia
LogPluginManager: Mounting plugin ImgMedia
LogPluginManager: Mounting plugin MediaCompositing
LogPluginManager: Mounting plugin MediaPlayerEditor
LogPluginManager: Mounting plugin WebMMedia
LogPluginManager: Mounting plugin WmfMedia
LogPluginManager: Mounting plugin MeshPainting
LogPluginManager: Mounting plugin TcpMessaging
LogPluginManager: Mounting plugin UdpMessaging
LogPluginManager: Mounting plugin ActorSequence
LogPluginManager: Mounting plugin LevelSequenceEditor
LogPluginManager: Mounting plugin MatineeToLevelSequence
LogPluginManager: Mounting plugin MovieRenderPipeline
LogPluginManager: Mounting plugin TemplateSequence
LogPluginManager: Mounting plugin NetcodeUnitTest
LogPluginManager: Mounting plugin NUTUnrealEngine4
LogPluginManager: Mounting plugin OnlineSubsystemGooglePlay
LogPluginManager: Mounting plugin OnlineSubsystemIOS
LogPluginManager: Mounting plugin OnlineSubsystem
LogPluginManager: Mounting plugin OnlineSubsystemNull
LogPluginManager: Mounting plugin OnlineSubsystemUtils
LogPluginManager: Mounting plugin LauncherChunkInstaller
LogPluginManager: Mounting plugin AndroidDeviceProfileSelector
LogPluginManager: Mounting plugin AndroidMoviePlayer
LogPluginManager: Mounting plugin AndroidPermission
LogPluginManager: Mounting plugin AppleImageUtils
LogPluginManager: Mounting plugin AppleMoviePlayer
LogPluginManager: Mounting plugin ArchVisCharacter
LogPluginManager: Mounting plugin AssetTags
LogPluginManager: Mounting plugin AudioCapture
LogPluginManager: Mounting plugin CableComponent
LogPluginManager: Mounting plugin CustomMeshComponent
LogPluginManager: Mounting plugin EditableMesh
LogPluginManager: Mounting plugin ExampleDeviceProfileSelector
LogPluginManager: Mounting plugin GoogleCloudMessaging
LogPluginManager: Mounting plugin GooglePAD
LogPluginManager: Mounting plugin IOSDeviceProfileSelector
LogPluginManager: Mounting plugin LinuxDeviceProfileSelector
LogPluginManager: Mounting plugin LocationServicesBPLibrary
LogPluginManager: Mounting plugin MobilePatchingUtils
LogPluginManager: Mounting plugin OculusVR
LogPluginManager: Mounting plugin PhysXVehicles
LogPluginManager: Mounting plugin PostSplashScreen
LogPluginManager: Mounting plugin ProceduralMeshComponent
LogPluginManager: Mounting plugin RuntimePhysXCooking
LogPluginManager: Mounting plugin SignificanceManager
LogPluginManager: Mounting plugin SoundFields
LogPluginManager: Mounting plugin SteamVR
LogPluginManager: Mounting plugin Synthesis
LogPluginManager: Mounting plugin WebMMoviePlayer
LogPluginManager: Mounting plugin WindowsMoviePlayer
LogPluginManager: Mounting plugin ScreenshotTools
LogInit: Using libcurl 7.55.1-DEV
LogInit:  - built for x86_64-pc-win32
LogInit:  - supports SSL with OpenSSL/1.1.1
LogInit:  - supports HTTP deflate (compression) using libz 1.2.8
LogInit:  - other features:
LogInit:      CURL_VERSION_SSL
LogInit:      CURL_VERSION_LIBZ
LogInit:      CURL_VERSION_IPV6
LogInit:      CURL_VERSION_ASYNCHDNS
LogInit:      CURL_VERSION_LARGEFILE
LogInit:      CURL_VERSION_IDN
LogInit:  CurlRequestOptions (configurable via config and command line):
LogInit:  - bVerifyPeer = true  - Libcurl will verify peer certificate
LogInit:  - bUseHttpProxy = false  - Libcurl will NOT use HTTP proxy
LogInit:  - bDontReuseConnections = false  - Libcurl will reuse connections
LogInit:  - MaxHostConnections = 16  - Libcurl will limit the number of connections to a host
LogInit:  - LocalHostAddr = Default
LogInit:  - BufferSize = 65536
LogOnline: OSS: Creating online subsystem instance for: NULL
LogInit: WinSock: version 1.1 (2.2), MaxSocks=32767, MaxUdp=65467
LogOnline: OSS: TryLoadSubsystemAndSetDefault: Loaded subsystem for module [NULL]
LogInit: Build: ++UE4+Release-4.25-CL-14469661
LogInit: Engine Version: 4.25.4-14469661+++UE4+Release-4.25
LogInit: Compatible Engine Version: 4.25.0-13144385+++UE4+Release-4.25
LogInit: Net CL: 13144385
LogInit: OS: Windows 10 (Release 2004) (), CPU: Intel(R) Core(TM) i3-7300 CPU @ 4.00GHz, GPU: Intel(R) HD Graphics 630
LogInit: Compiled (64-bit): Oct 11 2020 08:10:49
LogInit: Compiled with Visual C++: 19.24.28315.00
LogInit: Build Configuration: Development
LogInit: Branch Name: ++UE4+Release-4.25
LogInit: Command Line: 
LogInit: Base Directory: D:/Temp/UE_4.25/Engine/Binaries/Win64/
LogInit: Allocator: TBB
LogInit: Installed Engine Build: 1
LogDevObjectVersion: Number of dev versions registered: 26
LogDevObjectVersion:   Dev-Blueprints (B0D832E4-1F89-4F0D-ACCF-7EB736FD4AA2): 10
LogDevObjectVersion:   Dev-Build (E1C64328-A22C-4D53-A36C-8E866417BD8C): 0
LogDevObjectVersion:   Dev-Core (375EC13C-06E4-48FB-B500-84F0262A717E): 4
LogDevObjectVersion:   Dev-Editor (E4B068ED-F494-42E9-A231-DA0B2E46BB41): 38
LogDevObjectVersion:   Dev-Framework (CFFC743F-43B0-4480-9391-14DF171D2073): 37
LogDevObjectVersion:   Dev-Mobile (B02B49B5-BB20-44E9-A304-32B752E40360): 2
LogDevObjectVersion:   Dev-Networking (A4E4105C-59A1-49B5-A7C5-40C4547EDFEE): 0
LogDevObjectVersion:   Dev-Online (39C831C9-5AE6-47DC-9A44-9C173E1C8E7C): 0
LogDevObjectVersion:   Dev-Physics (78F01B33-EBEA-4F98-B9B4-84EACCB95AA2): 4
LogDevObjectVersion:   Dev-Platform (6631380F-2D4D-43E0-8009-CF276956A95A): 0
LogDevObjectVersion:   Dev-Rendering (12F88B9F-8875-4AFC-A67C-D90C383ABD29): 43
LogDevObjectVersion:   Dev-Sequencer (7B5AE74C-D270-4C10-A958-57980B212A5A): 12
LogDevObjectVersion:   Dev-VR (D7296918-1DD6-4BDD-9DE2-64A83CC13884): 3
LogDevObjectVersion:   Dev-LoadTimes (C2A15278-BFE7-4AFE-6C17-90FF531DF755): 1
LogDevObjectVersion:   Private-Geometry (6EACA3D4-40EC-4CC1-B786-8BED09428FC5): 3
LogDevObjectVersion:   Dev-AnimPhys (29E575DD-E0A3-4627-9D10-D276232CDCEA): 17
LogDevObjectVersion:   Dev-Anim (AF43A65D-7FD3-4947-9873-3E8ED9C1BB05): 7
LogDevObjectVersion:   Dev-ReflectionCapture (6B266CEC-1EC7-4B8F-A30B-E4D90942FC07): 1
LogDevObjectVersion:   Dev-Automation (0DF73D61-A23F-47EA-B727-89E90C41499A): 1
LogDevObjectVersion:   FortniteMain (601D1886-AC64-4F84-AA16-D3DE0DEAC7D6): 31
LogDevObjectVersion:   Dev-Enterprise (9DFFBCD6-494F-0158-E221-12823C92A888): 10
LogDevObjectVersion:   Dev-Niagara (F2AED0AC-9AFE-416F-8664-AA7FFA26D6FC): 1
LogDevObjectVersion:   Dev-Destruction (174F1F0B-B4C6-45A5-B13F-2EE8D0FB917D): 10
LogDevObjectVersion:   Dev-Physics-Ext (35F94A83-E258-406C-A318-09F59610247C): 37
LogDevObjectVersion:   Dev-PhysicsMaterial-Chaos (B68FC16E-8B1B-42E2-B453-215C058844FE): 1
LogDevObjectVersion:   Dev-CineCamera (B2E18506-4273-CFC2-A54E-F4BB758BBA07): 1
LogInit: Presizing for max 25165824 objects, including 0 objects not considered by GC, pre-allocating 0 bytes for permanent pool.
LogConfig: Applying CVar settings from Section [/Script/Engine.StreamingSettings] File [D:/GameJam2021/UnrealEngine/GameJamtest4/MyProject2/Saved/Config/Windows/Engine.ini]
LogConfig: Setting CVar [[s.MinBulkDataSizeForAsyncLoading:131072]]
LogConfig: Setting CVar [[s.AsyncLoadingThreadEnabled:0]]
LogConfig: Setting CVar [[s.EventDrivenLoaderEnabled:1]]
LogConfig: Setting CVar [[s.WarnIfTimeLimitExceeded:0]]
LogConfig: Setting CVar [[s.TimeLimitExceededMultiplier:1.5]]
LogConfig: Setting CVar [[s.TimeLimitExceededMinTime:0.005]]
LogConfig: Setting CVar [[s.UseBackgroundLevelStreaming:1]]
LogConfig: Setting CVar [[s.PriorityAsyncLoadingExtraTime:15.0]]
LogConfig: Setting CVar [[s.LevelStreamingActorsUpdateTimeLimit:5.0]]
LogConfig: Setting CVar [[s.PriorityLevelStreamingActorsUpdateExtraTime:5.0]]
LogConfig: Setting CVar [[s.LevelStreamingComponentsRegistrationGranularity:10]]
LogConfig: Setting CVar [[s.UnregisterComponentsTimeLimit:1.0]]
LogConfig: Setting CVar [[s.LevelStreamingComponentsUnregistrationGranularity:5]]
LogConfig: Setting CVar [[s.FlushStreamingOnExit:1]]
LogInit: Object subsystem initialized
LogConfig: Setting CVar [[con.DebugEarlyDefault:1]]
LogConfig: Setting CVar [[r.setres:1280x720]]
[2021.01.29-18.47.45:330][  0]LogConfig: Setting CVar [[r.VSync:0]]
[2021.01.29-18.47.45:330][  0]LogConfig: Setting CVar [[r.RHICmdBypass:0]]
[2021.01.29-18.47.45:330][  0]LogConfig: Applying CVar settings from Section [/Script/Engine.RendererSettings] File [D:/GameJam2021/UnrealEngine/GameJamtest4/MyProject2/Saved/Config/Windows/Engine.ini]
[2021.01.29-18.47.45:330][  0]LogConfig: Setting CVar [[r.GPUCrashDebugging:0]]
[2021.01.29-18.47.45:330][  0]LogConfig: Applying CVar settings from Section [/Script/Engine.RendererOverrideSettings] File [D:/GameJam2021/UnrealEngine/GameJamtest4/MyProject2/Saved/Config/Windows/Engine.ini]
[2021.01.29-18.47.45:330][  0]LogConfig: Applying CVar settings from Section [/Script/Engine.StreamingSettings] File [D:/GameJam2021/UnrealEngine/GameJamtest4/MyProject2/Saved/Config/Windows/Engine.ini]
[2021.01.29-18.47.45:330][  0]LogConfig: Setting CVar [[s.MinBulkDataSizeForAsyncLoading:131072]]
[2021.01.29-18.47.45:330][  0]LogConfig: Setting CVar [[s.AsyncLoadingThreadEnabled:0]]
[2021.01.29-18.47.45:330][  0]LogConfig: Setting CVar [[s.EventDrivenLoaderEnabled:1]]
[2021.01.29-18.47.45:330][  0]LogConfig: Setting CVar [[s.WarnIfTimeLimitExceeded:0]]
[2021.01.29-18.47.45:330][  0]LogConfig: Setting CVar [[s.TimeLimitExceededMultiplier:1.5]]
[2021.01.29-18.47.45:330][  0]LogConfig: Setting CVar [[s.TimeLimitExceededMinTime:0.005]]
[2021.01.29-18.47.45:330][  0]LogConfig: Setting CVar [[s.UseBackgroundLevelStreaming:1]]
[2021.01.29-18.47.45:330][  0]LogConfig: Setting CVar [[s.PriorityAsyncLoadingExtraTime:15.0]]
[2021.01.29-18.47.45:330][  0]LogConfig: Setting CVar [[s.LevelStreamingActorsUpdateTimeLimit:5.0]]
[2021.01.29-18.47.45:330][  0]LogConfig: Setting CVar [[s.PriorityLevelStreamingActorsUpdateExtraTime:5.0]]
[2021.01.29-18.47.45:330][  0]LogConfig: Setting CVar [[s.LevelStreamingComponentsRegistrationGranularity:10]]
[2021.01.29-18.47.45:330][  0]LogConfig: Setting CVar [[s.UnregisterComponentsTimeLimit:1.0]]
[2021.01.29-18.47.45:330][  0]LogConfig: Setting CVar [[s.LevelStreamingComponentsUnregistrationGranularity:5]]
[2021.01.29-18.47.45:330][  0]LogConfig: Setting CVar [[s.FlushStreamingOnExit:1]]
[2021.01.29-18.47.45:330][  0]LogConfig: Applying CVar settings from Section [/Script/Engine.GarbageCollectionSettings] File [D:/GameJam2021/UnrealEngine/GameJamtest4/MyProject2/Saved/Config/Windows/Engine.ini]
[2021.01.29-18.47.45:330][  0]LogConfig: Setting CVar [[gc.MaxObjectsNotConsideredByGC:1]]
[2021.01.29-18.47.45:330][  0]LogConfig: Setting CVar [[gc.SizeOfPermanentObjectPool:0]]
[2021.01.29-18.47.45:330][  0]LogConfig: Setting CVar [[gc.FlushStreamingOnGC:0]]
[2021.01.29-18.47.45:330][  0]LogConfig: Setting CVar [[gc.NumRetriesBeforeForcingGC:10]]
[2021.01.29-18.47.45:330][  0]LogConfig: Setting CVar [[gc.AllowParallelGC:1]]
[2021.01.29-18.47.45:330][  0]LogConfig: Setting CVar [[gc.TimeBetweenPurgingPendingKillObjects:61.1]]
[2021.01.29-18.47.45:330][  0]LogConfig: Setting CVar [[gc.MaxObjectsInEditor:25165824]]
[2021.01.29-18.47.45:330][  0]LogConfig: Setting CVar [[gc.IncrementalBeginDestroyEnabled:1]]
[2021.01.29-18.47.45:330][  0]LogConfig: Setting CVar [[gc.CreateGCClusters:1]]
[2021.01.29-18.47.45:330][  0]LogConfig: Setting CVar [[gc.MinGCClusterSize:5]]
[2021.01.29-18.47.45:330][  0]LogConfig: Setting CVar [[gc.ActorClusteringEnabled:0]]
[2021.01.29-18.47.45:330][  0]LogConfig: Setting CVar [[gc.BlueprintClusteringEnabled:0]]
[2021.01.29-18.47.45:330][  0]LogConfig: Setting CVar [[gc.UseDisregardForGCOnDedicatedServers:0]]
[2021.01.29-18.47.45:330][  0]LogConfig: Applying CVar settings from Section [/Script/Engine.NetworkSettings] File [D:/GameJam2021/UnrealEngine/GameJamtest4/MyProject2/Saved/Config/Windows/Engine.ini]
[2021.01.29-18.47.45:330][  0]LogConfig: Applying CVar settings from Section [/Script/UnrealEd.CookerSettings] File [D:/GameJam2021/UnrealEngine/GameJamtest4/MyProject2/Saved/Config/Windows/Engine.ini]
[2021.01.29-18.47.45:334][  0]LogConfig: Applying CVar settings from Section [ViewDistanceQuality@3] File [D:/GameJam2021/UnrealEngine/GameJamtest4/MyProject2/Saved/Config/Windows/Scalability.ini]
[2021.01.29-18.47.45:334][  0]LogConfig: Setting CVar [[r.SkeletalMeshLODBias:0]]
[2021.01.29-18.47.45:334][  0]LogConfig: Setting CVar [[r.ViewDistanceScale:1.0]]
[2021.01.29-18.47.45:334][  0]LogConfig: Applying CVar settings from Section [AntiAliasingQuality@3] File [D:/GameJam2021/UnrealEngine/GameJamtest4/MyProject2/Saved/Config/Windows/Scalability.ini]
[2021.01.29-18.47.45:334][  0]LogConfig: Setting CVar [[r.PostProcessAAQuality:4]]
[2021.01.29-18.47.45:334][  0]LogConfig: Applying CVar settings from Section [ShadowQuality@3] File [D:/GameJam2021/UnrealEngine/GameJamtest4/MyProject2/Saved/Config/Windows/Scalability.ini]
[2021.01.29-18.47.45:334][  0]LogConfig: Setting CVar [[r.LightFunctionQuality:1]]
[2021.01.29-18.47.45:334][  0]LogConfig: Setting CVar [[r.ShadowQuality:5]]
[2021.01.29-18.47.45:334][  0]LogConfig: Setting CVar [[r.Shadow.CSM.MaxCascades:10]]
[2021.01.29-18.47.45:334][  0]LogConfig: Setting CVar [[r.Shadow.MaxResolution:2048]]
[2021.01.29-18.47.45:334][  0]LogConfig: Setting CVar [[r.Shadow.MaxCSMResolution:2048]]
[2021.01.29-18.47.45:334][  0]LogConfig: Setting CVar [[r.Shadow.RadiusThreshold:0.01]]
[2021.01.29-18.47.45:334][  0]LogConfig: Setting CVar [[r.Shadow.DistanceScale:1.0]]
[2021.01.29-18.47.45:334][  0]LogConfig: Setting CVar [[r.Shadow.CSM.TransitionScale:1.0]]
[2021.01.29-18.47.45:334][  0]LogConfig: Setting CVar [[r.Shadow.PreShadowResolutionFactor:1.0]]
[2021.01.29-18.47.45:334][  0]LogConfig: Setting CVar [[r.DistanceFieldShadowing:1]]
[2021.01.29-18.47.45:334][  0]LogConfig: Setting CVar [[r.DistanceFieldAO:1]]
[2021.01.29-18.47.45:334][  0]LogConfig: Setting CVar [[r.AOQuality:2]]
[2021.01.29-18.47.45:334][  0]LogConfig: Setting CVar [[r.VolumetricFog:1]]
[2021.01.29-18.47.45:334][  0]LogConfig: Setting CVar [[r.VolumetricFog.GridPixelSize:8]]
[2021.01.29-18.47.45:334][  0]LogConfig: Setting CVar [[r.VolumetricFog.GridSizeZ:128]]
[2021.01.29-18.47.45:334][  0]LogConfig: Setting CVar [[r.VolumetricFog.HistoryMissSupersampleCount:4]]
[2021.01.29-18.47.45:335][  0]LogConfig: Setting CVar [[r.LightMaxDrawDistanceScale:1]]
[2021.01.29-18.47.45:335][  0]LogConfig: Setting CVar [[r.CapsuleShadows:1]]
[2021.01.29-18.47.45:335][  0]LogConfig: Applying CVar settings from Section [PostProcessQuality@3] File [D:/GameJam2021/UnrealEngine/GameJamtest4/MyProject2/Saved/Config/Windows/Scalability.ini]
[2021.01.29-18.47.45:335][  0]LogConfig: Setting CVar [[r.MotionBlurQuality:4]]
[2021.01.29-18.47.45:335][  0]LogConfig: Setting CVar [[r.AmbientOcclusionMipLevelFactor:0.4]]
[2021.01.29-18.47.45:335][  0]LogConfig: Setting CVar [[r.AmbientOcclusionMaxQuality:100]]
[2021.01.29-18.47.45:335][  0]LogConfig: Setting CVar [[r.AmbientOcclusionLevels:-1]]
[2021.01.29-18.47.45:335][  0]LogConfig: Setting CVar [[r.AmbientOcclusionRadiusScale:1.0]]
[2021.01.29-18.47.45:335][  0]LogConfig: Setting CVar [[r.DepthOfFieldQuality:2]]
[2021.01.29-18.47.45:335][  0]LogConfig: Setting CVar [[r.RenderTargetPoolMin:400]]
[2021.01.29-18.47.45:335][  0]LogConfig: Setting CVar [[r.LensFlareQuality:2]]
[2021.01.29-18.47.45:335][  0]LogConfig: Setting CVar [[r.SceneColorFringeQuality:1]]
[2021.01.29-18.47.45:335][  0]LogConfig: Setting CVar [[r.EyeAdaptationQuality:2]]
[2021.01.29-18.47.45:335][  0]LogConfig: Setting CVar [[r.BloomQuality:5]]
[2021.01.29-18.47.45:335][  0]LogConfig: Setting CVar [[r.FastBlurThreshold:100]]
[2021.01.29-18.47.45:335][  0]LogConfig: Setting CVar [[r.Upscale.Quality:3]]
[2021.01.29-18.47.45:335][  0]LogConfig: Setting CVar [[r.Tonemapper.GrainQuantization:1]]
[2021.01.29-18.47.45:335][  0]LogConfig: Setting CVar [[r.LightShaftQuality:1]]
[2021.01.29-18.47.45:335][  0]LogConfig: Setting CVar [[r.Filter.SizeScale:1]]
[2021.01.29-18.47.45:335][  0]LogConfig: Setting CVar [[r.Tonemapper.Quality:5]]
[2021.01.29-18.47.45:335][  0]LogConfig: Setting CVar [[r.DOF.Gather.AccumulatorQuality:1        ; higher gathering accumulator quality]]
[2021.01.29-18.47.45:335][  0]LogConfig: Setting CVar [[r.DOF.Gather.PostfilterMethod:1          ; Median3x3 postfilering method]]
[2021.01.29-18.47.45:335][  0]LogConfig: Setting CVar [[r.DOF.Gather.EnableBokehSettings:0       ; no bokeh simulation when gathering]]
[2021.01.29-18.47.45:335][  0]LogConfig: Setting CVar [[r.DOF.Gather.RingCount:4                 ; medium number of samples when gathering]]
[2021.01.29-18.47.45:335][  0]LogConfig: Setting CVar [[r.DOF.Scatter.ForegroundCompositing:1    ; additive foreground scattering]]
[2021.01.29-18.47.45:335][  0]LogConfig: Setting CVar [[r.DOF.Scatter.BackgroundCompositing:2    ; additive background scattering]]
[2021.01.29-18.47.45:335][  0]LogConfig: Setting CVar [[r.DOF.Scatter.EnableBokehSettings:1      ; bokeh simulation when scattering]]
[2021.01.29-18.47.45:335][  0]LogConfig: Setting CVar [[r.DOF.Scatter.MaxSpriteRatio:0.1         ; only a maximum of 10% of scattered bokeh]]
[2021.01.29-18.47.45:335][  0]LogConfig: Setting CVar [[r.DOF.Recombine.Quality:1                ; cheap slight out of focus]]
[2021.01.29-18.47.45:335][  0]LogConfig: Setting CVar [[r.DOF.Recombine.EnableBokehSettings:0    ; no bokeh simulation on slight out of focus]]
[2021.01.29-18.47.45:335][  0]LogConfig: Setting CVar [[r.DOF.TemporalAAQuality:1                ; more stable temporal accumulation]]
[2021.01.29-18.47.45:335][  0]LogConfig: Setting CVar [[r.DOF.Kernel.MaxForegroundRadius:0.025]]
[2021.01.29-18.47.45:335][  0]LogConfig: Setting CVar [[r.DOF.Kernel.MaxBackgroundRadius:0.025]]
[2021.01.29-18.47.45:335][  0]LogConfig: Applying CVar settings from Section [TextureQuality@3] File [D:/GameJam2021/UnrealEngine/GameJamtest4/MyProject2/Saved/Config/Windows/Scalability.ini]
[2021.01.29-18.47.45:335][  0]LogConfig: Setting CVar [[r.Streaming.MipBias:0]]
[2021.01.29-18.47.45:335][  0]LogConfig: Setting CVar [[r.Streaming.AmortizeCPUToGPUCopy:0]]
[2021.01.29-18.47.45:335][  0]LogConfig: Setting CVar [[r.Streaming.MaxNumTexturesToStreamPerFrame:0]]
[2021.01.29-18.47.45:335][  0]LogConfig: Setting CVar [[r.Streaming.Boost:1]]
[2021.01.29-18.47.45:335][  0]LogConfig: Setting CVar [[r.MaxAnisotropy:8]]
[2021.01.29-18.47.45:335][  0]LogConfig: Setting CVar [[r.VT.MaxAnisotropy:8]]
[2021.01.29-18.47.45:335][  0]LogConfig: Setting CVar [[r.Streaming.LimitPoolSizeToVRAM:0]]
[2021.01.29-18.47.45:335][  0]LogConfig: Setting CVar [[r.Streaming.PoolSize:1000]]
[2021.01.29-18.47.45:335][  0]LogConfig: Setting CVar [[r.Streaming.MaxEffectiveScreenSize:0]]
[2021.01.29-18.47.45:335][  0]LogConfig: Applying CVar settings from Section [EffectsQuality@3] File [D:/GameJam2021/UnrealEngine/GameJamtest4/MyProject2/Saved/Config/Windows/Scalability.ini]
[2021.01.29-18.47.45:335][  0]LogConfig: Setting CVar [[r.TranslucencyLightingVolumeDim:64]]
[2021.01.29-18.47.45:335][  0]LogConfig: Setting CVar [[r.RefractionQuality:2]]
[2021.01.29-18.47.45:335][  0]LogConfig: Setting CVar [[r.SSR.Quality:3]]
[2021.01.29-18.47.45:335][  0]LogConfig: Setting CVar [[r.SSR.HalfResSceneColor:0]]
[2021.01.29-18.47.45:335][  0]LogConfig: Setting CVar [[r.SceneColorFormat:4]]
[2021.01.29-18.47.45:335][  0]LogConfig: Setting CVar [[r.DetailMode:2]]
[2021.01.29-18.47.45:335][  0]LogConfig: Setting CVar [[r.TranslucencyVolumeBlur:1]]
[2021.01.29-18.47.45:335][  0]LogConfig: Setting CVar [[r.MaterialQualityLevel:1 ; High quality]]
[2021.01.29-18.47.45:335][  0]LogConfig: Setting CVar [[r.SSS.Scale:1]]
[2021.01.29-18.47.45:335][  0]LogConfig: Setting CVar [[r.SSS.SampleSet:2]]
[2021.01.29-18.47.45:335][  0]LogConfig: Setting CVar [[r.SSS.Quality:1]]
[2021.01.29-18.47.45:335][  0]LogConfig: Setting CVar [[r.SSS.HalfRes:0]]
[2021.01.29-18.47.45:335][  0]LogConfig: Setting CVar [[r.SSGI.Quality:3]]
[2021.01.29-18.47.45:335][  0]LogConfig: Setting CVar [[r.EmitterSpawnRateScale:1.0]]
[2021.01.29-18.47.45:335][  0]LogConfig: Setting CVar [[r.ParticleLightQuality:2]]
[2021.01.29-18.47.45:335][  0]LogConfig: Setting CVar [[r.SkyAtmosphere.AerialPerspectiveLUT.FastApplyOnOpaque:1 ; Always have FastSkyLUT 1 in this case to avoid wrong sky]]
[2021.01.29-18.47.45:335][  0]LogConfig: Setting CVar [[r.SkyAtmosphere.AerialPerspectiveLUT.SampleCountPerSlice:1]]
[2021.01.29-18.47.45:335][  0]LogConfig: Setting CVar [[r.SkyAtmosphere.AerialPerspectiveLUT.DepthResolution:16.0]]
[2021.01.29-18.47.45:335][  0]LogConfig: Setting CVar [[r.SkyAtmosphere.FastSkyLUT:1]]
[2021.01.29-18.47.45:335][  0]LogConfig: Setting CVar [[r.SkyAtmosphere.FastSkyLUT.SampleCountMin:4.0]]
[2021.01.29-18.47.45:335][  0]LogConfig: Setting CVar [[r.SkyAtmosphere.FastSkyLUT.SampleCountMax:32.0]]
[2021.01.29-18.47.45:335][  0]LogConfig: Setting CVar [[r.SkyAtmosphere.SampleCountMin:4.0]]
[2021.01.29-18.47.45:335][  0]LogConfig: Setting CVar [[r.SkyAtmosphere.SampleCountMax:32.0]]
[2021.01.29-18.47.45:335][  0]LogConfig: Setting CVar [[r.SkyAtmosphere.TransmittanceLUT.UseSmallFormat:0]]
[2021.01.29-18.47.45:335][  0]LogConfig: Setting CVar [[r.SkyAtmosphere.TransmittanceLUT.SampleCount:10.0]]
[2021.01.29-18.47.45:335][  0]LogConfig: Setting CVar [[r.SkyAtmosphere.MultiScatteringLUT.SampleCount:15.0]]
[2021.01.29-18.47.45:335][  0]LogConfig: Applying CVar settings from Section [FoliageQuality@3] File [D:/GameJam2021/UnrealEngine/GameJamtest4/MyProject2/Saved/Config/Windows/Scalability.ini]
[2021.01.29-18.47.45:335][  0]LogConfig: Setting CVar [[foliage.DensityScale:1.0]]
[2021.01.29-18.47.45:335][  0]LogConfig: Setting CVar [[grass.DensityScale:1.0]]
[2021.01.29-18.47.45:335][  0]LogConfig: Applying CVar settings from Section [ShadingQuality@3] File [D:/GameJam2021/UnrealEngine/GameJamtest4/MyProject2/Saved/Config/Windows/Scalability.ini]
[2021.01.29-18.47.45:335][  0]LogConfig: Setting CVar [[r.HairStrands.SkyLighting.SampleCount:16]]
[2021.01.29-18.47.45:335][  0]LogConfig: Setting CVar [[r.HairStrands.SkyLighting.JitterIntegration:0]]
[2021.01.29-18.47.45:335][  0]LogConfig: Setting CVar [[r.HairStrands.SkyAO.SampleCount:16]]
[2021.01.29-18.47.45:335][  0]LogConfig: Setting CVar [[r.HairStrands.DeepShadow.SuperSampling:0]]
[2021.01.29-18.47.45:335][  0]LogConfig: Setting CVar [[r.HairStrands.VisibilityPPLL:0]]
[2021.01.29-18.47.45:335][  0]LogConfig: Setting CVar [[r.HairStrands.RasterizationScale:0.5]]
[2021.01.29-18.47.45:335][  0]LogConfig: Setting CVar [[r.HairStrands.VelocityRasterizationScale:1]]
[2021.01.29-18.47.45:335][  0]LogInit: Selected Device Profile: [Windows]
[2021.01.29-18.47.45:335][  0]LogInit: Applying CVar settings loaded from the selected device profile: [Windows]
[2021.01.29-18.47.45:335][  0]LogHAL: Display: Platform has ~ 16 GB [17038303232 / 17179869184 / 16], which maps to Larger [LargestMinGB=32, LargerMinGB=12, DefaultMinGB=8, SmallerMinGB=6, SmallestMinGB=0)
[2021.01.29-18.47.45:336][  0]LogInit: Going up to parent DeviceProfile []
[2021.01.29-18.47.45:336][  0]LogConfig: Applying CVar settings from Section [ViewDistanceQuality@3] File [D:/GameJam2021/UnrealEngine/GameJamtest4/MyProject2/Saved/Config/Windows/Scalability.ini]
[2021.01.29-18.47.45:336][  0]LogConfig: Setting CVar [[r.SkeletalMeshLODBias:0]]
[2021.01.29-18.47.45:336][  0]LogConfig: Setting CVar [[r.ViewDistanceScale:1.0]]
[2021.01.29-18.47.45:336][  0]LogConfig: Applying CVar settings from Section [AntiAliasingQuality@3] File [D:/GameJam2021/UnrealEngine/GameJamtest4/MyProject2/Saved/Config/Windows/Scalability.ini]
[2021.01.29-18.47.45:336][  0]LogConfig: Setting CVar [[r.PostProcessAAQuality:4]]
[2021.01.29-18.47.45:336][  0]LogConfig: Applying CVar settings from Section [ShadowQuality@3] File [D:/GameJam2021/UnrealEngine/GameJamtest4/MyProject2/Saved/Config/Windows/Scalability.ini]
[2021.01.29-18.47.45:336][  0]LogConfig: Setting CVar [[r.LightFunctionQuality:1]]
[2021.01.29-18.47.45:336][  0]LogConfig: Setting CVar [[r.ShadowQuality:5]]
[2021.01.29-18.47.45:336][  0]LogConfig: Setting CVar [[r.Shadow.CSM.MaxCascades:10]]
[2021.01.29-18.47.45:336][  0]LogConfig: Setting CVar [[r.Shadow.MaxResolution:2048]]
[2021.01.29-18.47.45:336][  0]LogConfig: Setting CVar [[r.Shadow.MaxCSMResolution:2048]]
[2021.01.29-18.47.45:336][  0]LogConfig: Setting CVar [[r.Shadow.RadiusThreshold:0.01]]
[2021.01.29-18.47.45:336][  0]LogConfig: Setting CVar [[r.Shadow.DistanceScale:1.0]]
[2021.01.29-18.47.45:336][  0]LogConfig: Setting CVar [[r.Shadow.CSM.TransitionScale:1.0]]
[2021.01.29-18.47.45:336][  0]LogConfig: Setting CVar [[r.Shadow.PreShadowResolutionFactor:1.0]]
[2021.01.29-18.47.45:336][  0]LogConfig: Setting CVar [[r.DistanceFieldShadowing:1]]
[2021.01.29-18.47.45:336][  0]LogConfig: Setting CVar [[r.DistanceFieldAO:1]]
[2021.01.29-18.47.45:336][  0]LogConfig: Setting CVar [[r.AOQuality:2]]
[2021.01.29-18.47.45:336][  0]LogConfig: Setting CVar [[r.VolumetricFog:1]]
[2021.01.29-18.47.45:336][  0]LogConfig: Setting CVar [[r.VolumetricFog.GridPixelSize:8]]
[2021.01.29-18.47.45:336][  0]LogConfig: Setting CVar [[r.VolumetricFog.GridSizeZ:128]]
[2021.01.29-18.47.45:336][  0]LogConfig: Setting CVar [[r.VolumetricFog.HistoryMissSupersampleCount:4]]
[2021.01.29-18.47.45:336][  0]LogConfig: Setting CVar [[r.LightMaxDrawDistanceScale:1]]
[2021.01.29-18.47.45:336][  0]LogConfig: Setting CVar [[r.CapsuleShadows:1]]
[2021.01.29-18.47.45:336][  0]LogConfig: Applying CVar settings from Section [PostProcessQuality@3] File [D:/GameJam2021/UnrealEngine/GameJamtest4/MyProject2/Saved/Config/Windows/Scalability.ini]
[2021.01.29-18.47.45:336][  0]LogConfig: Setting CVar [[r.MotionBlurQuality:4]]
[2021.01.29-18.47.45:336][  0]LogConfig: Setting CVar [[r.AmbientOcclusionMipLevelFactor:0.4]]
[2021.01.29-18.47.45:336][  0]LogConfig: Setting CVar [[r.AmbientOcclusionMaxQuality:100]]
[2021.01.29-18.47.45:336][  0]LogConfig: Setting CVar [[r.AmbientOcclusionLevels:-1]]
[2021.01.29-18.47.45:336][  0]LogConfig: Setting CVar [[r.AmbientOcclusionRadiusScale:1.0]]
[2021.01.29-18.47.45:336][  0]LogConfig: Setting CVar [[r.DepthOfFieldQuality:2]]
[2021.01.29-18.47.45:336][  0]LogConfig: Setting CVar [[r.RenderTargetPoolMin:400]]
[2021.01.29-18.47.45:336][  0]LogConfig: Setting CVar [[r.LensFlareQuality:2]]
[2021.01.29-18.47.45:336][  0]LogConfig: Setting CVar [[r.SceneColorFringeQuality:1]]
[2021.01.29-18.47.45:336][  0]LogConfig: Setting CVar [[r.EyeAdaptationQuality:2]]
[2021.01.29-18.47.45:336][  0]LogConfig: Setting CVar [[r.BloomQuality:5]]
[2021.01.29-18.47.45:336][  0]LogConfig: Setting CVar [[r.FastBlurThreshold:100]]
[2021.01.29-18.47.45:336][  0]LogConfig: Setting CVar [[r.Upscale.Quality:3]]
[2021.01.29-18.47.45:336][  0]LogConfig: Setting CVar [[r.Tonemapper.GrainQuantization:1]]
[2021.01.29-18.47.45:336][  0]LogConfig: Setting CVar [[r.LightShaftQuality:1]]
[2021.01.29-18.47.45:336][  0]LogConfig: Setting CVar [[r.Filter.SizeScale:1]]
[2021.01.29-18.47.45:336][  0]LogConfig: Setting CVar [[r.Tonemapper.Quality:5]]
[2021.01.29-18.47.45:336][  0]LogConfig: Setting CVar [[r.DOF.Gather.AccumulatorQuality:1        ; higher gathering accumulator quality]]
[2021.01.29-18.47.45:336][  0]LogConfig: Setting CVar [[r.DOF.Gather.PostfilterMethod:1          ; Median3x3 postfilering method]]
[2021.01.29-18.47.45:336][  0]LogConfig: Setting CVar [[r.DOF.Gather.EnableBokehSettings:0       ; no bokeh simulation when gathering]]
[2021.01.29-18.47.45:336][  0]LogConfig: Setting CVar [[r.DOF.Gather.RingCount:4                 ; medium number of samples when gathering]]
[2021.01.29-18.47.45:336][  0]LogConfig: Setting CVar [[r.DOF.Scatter.ForegroundCompositing:1    ; additive foreground scattering]]
[2021.01.29-18.47.45:336][  0]LogConfig: Setting CVar [[r.DOF.Scatter.BackgroundCompositing:2    ; additive background scattering]]
[2021.01.29-18.47.45:336][  0]LogConfig: Setting CVar [[r.DOF.Scatter.EnableBokehSettings:1      ; bokeh simulation when scattering]]
[2021.01.29-18.47.45:336][  0]LogConfig: Setting CVar [[r.DOF.Scatter.MaxSpriteRatio:0.1         ; only a maximum of 10% of scattered bokeh]]
[2021.01.29-18.47.45:336][  0]LogConfig: Setting CVar [[r.DOF.Recombine.Quality:1                ; cheap slight out of focus]]
[2021.01.29-18.47.45:336][  0]LogConfig: Setting CVar [[r.DOF.Recombine.EnableBokehSettings:0    ; no bokeh simulation on slight out of focus]]
[2021.01.29-18.47.45:336][  0]LogConfig: Setting CVar [[r.DOF.TemporalAAQuality:1                ; more stable temporal accumulation]]
[2021.01.29-18.47.45:336][  0]LogConfig: Setting CVar [[r.DOF.Kernel.MaxForegroundRadius:0.025]]
[2021.01.29-18.47.45:336][  0]LogConfig: Setting CVar [[r.DOF.Kernel.MaxBackgroundRadius:0.025]]
[2021.01.29-18.47.45:336][  0]LogConfig: Applying CVar settings from Section [TextureQuality@3] File [D:/GameJam2021/UnrealEngine/GameJamtest4/MyProject2/Saved/Config/Windows/Scalability.ini]
[2021.01.29-18.47.45:336][  0]LogConfig: Setting CVar [[r.Streaming.MipBias:0]]
[2021.01.29-18.47.45:336][  0]LogConfig: Setting CVar [[r.Streaming.AmortizeCPUToGPUCopy:0]]
[2021.01.29-18.47.45:336][  0]LogConfig: Setting CVar [[r.Streaming.MaxNumTexturesToStreamPerFrame:0]]
[2021.01.29-18.47.45:336][  0]LogConfig: Setting CVar [[r.Streaming.Boost:1]]
[2021.01.29-18.47.45:336][  0]LogConfig: Setting CVar [[r.MaxAnisotropy:8]]
[2021.01.29-18.47.45:336][  0]LogConfig: Setting CVar [[r.VT.MaxAnisotropy:8]]
[2021.01.29-18.47.45:336][  0]LogConfig: Setting CVar [[r.Streaming.LimitPoolSizeToVRAM:0]]
[2021.01.29-18.47.45:336][  0]LogConfig: Setting CVar [[r.Streaming.PoolSize:1000]]
[2021.01.29-18.47.45:336][  0]LogConfig: Setting CVar [[r.Streaming.MaxEffectiveScreenSize:0]]
[2021.01.29-18.47.45:336][  0]LogConfig: Applying CVar settings from Section [EffectsQuality@3] File [D:/GameJam2021/UnrealEngine/GameJamtest4/MyProject2/Saved/Config/Windows/Scalability.ini]
[2021.01.29-18.47.45:336][  0]LogConfig: Setting CVar [[r.TranslucencyLightingVolumeDim:64]]
[2021.01.29-18.47.45:336][  0]LogConfig: Setting CVar [[r.RefractionQuality:2]]
[2021.01.29-18.47.45:336][  0]LogConfig: Setting CVar [[r.SSR.Quality:3]]
[2021.01.29-18.47.45:336][  0]LogConfig: Setting CVar [[r.SSR.HalfResSceneColor:0]]
[2021.01.29-18.47.45:336][  0]LogConfig: Setting CVar [[r.SceneColorFormat:4]]
[2021.01.29-18.47.45:336][  0]LogConfig: Setting CVar [[r.DetailMode:2]]
[2021.01.29-18.47.45:336][  0]LogConfig: Setting CVar [[r.TranslucencyVolumeBlur:1]]
[2021.01.29-18.47.45:336][  0]LogConfig: Setting CVar [[r.MaterialQualityLevel:1 ; High quality]]
[2021.01.29-18.47.45:336][  0]LogConfig: Setting CVar [[r.SSS.Scale:1]]
[2021.01.29-18.47.45:336][  0]LogConfig: Setting CVar [[r.SSS.SampleSet:2]]
[2021.01.29-18.47.45:336][  0]LogConfig: Setting CVar [[r.SSS.Quality:1]]
[2021.01.29-18.47.45:336][  0]LogConfig: Setting CVar [[r.SSS.HalfRes:0]]
[2021.01.29-18.47.45:336][  0]LogConfig: Setting CVar [[r.SSGI.Quality:3]]
[2021.01.29-18.47.45:336][  0]LogConfig: Setting CVar [[r.EmitterSpawnRateScale:1.0]]
[2021.01.29-18.47.45:336][  0]LogConfig: Setting CVar [[r.ParticleLightQuality:2]]
[2021.01.29-18.47.45:336][  0]LogConfig: Setting CVar [[r.SkyAtmosphere.AerialPerspectiveLUT.FastApplyOnOpaque:1 ; Always have FastSkyLUT 1 in this case to avoid wrong sky]]
[2021.01.29-18.47.45:336][  0]LogConfig: Setting CVar [[r.SkyAtmosphere.AerialPerspectiveLUT.SampleCountPerSlice:1]]
[2021.01.29-18.47.45:336][  0]LogConfig: Setting CVar [[r.SkyAtmosphere.AerialPerspectiveLUT.DepthResolution:16.0]]
[2021.01.29-18.47.45:336][  0]LogConfig: Setting CVar [[r.SkyAtmosphere.FastSkyLUT:1]]
[2021.01.29-18.47.45:337][  0]LogConfig: Setting CVar [[r.SkyAtmosphere.FastSkyLUT.SampleCountMin:4.0]]
[2021.01.29-18.47.45:337][  0]LogConfig: Setting CVar [[r.SkyAtmosphere.FastSkyLUT.SampleCountMax:32.0]]
[2021.01.29-18.47.45:337][  0]LogConfig: Setting CVar [[r.SkyAtmosphere.SampleCountMin:4.0]]
[2021.01.29-18.47.45:337][  0]LogConfig: Setting CVar [[r.SkyAtmosphere.SampleCountMax:32.0]]
[2021.01.29-18.47.45:337][  0]LogConfig: Setting CVar [[r.SkyAtmosphere.TransmittanceLUT.UseSmallFormat:0]]
[2021.01.29-18.47.45:337][  0]LogConfig: Setting CVar [[r.SkyAtmosphere.TransmittanceLUT.SampleCount:10.0]]
[2021.01.29-18.47.45:337][  0]LogConfig: Setting CVar [[r.SkyAtmosphere.MultiScatteringLUT.SampleCount:15.0]]
[2021.01.29-18.47.45:337][  0]LogConfig: Applying CVar settings from Section [FoliageQuality@3] File [D:/GameJam2021/UnrealEngine/GameJamtest4/MyProject2/Saved/Config/Windows/Scalability.ini]
[2021.01.29-18.47.45:337][  0]LogConfig: Setting CVar [[foliage.DensityScale:1.0]]
[2021.01.29-18.47.45:337][  0]LogConfig: Setting CVar [[grass.DensityScale:1.0]]
[2021.01.29-18.47.45:337][  0]LogConfig: Applying CVar settings from Section [ShadingQuality@3] File [D:/GameJam2021/UnrealEngine/GameJamtest4/MyProject2/Saved/Config/Windows/Scalability.ini]
[2021.01.29-18.47.45:337][  0]LogConfig: Setting CVar [[r.HairStrands.SkyLighting.SampleCount:16]]
[2021.01.29-18.47.45:337][  0]LogConfig: Setting CVar [[r.HairStrands.SkyLighting.JitterIntegration:0]]
[2021.01.29-18.47.45:337][  0]LogConfig: Setting CVar [[r.HairStrands.SkyAO.SampleCount:16]]
[2021.01.29-18.47.45:337][  0]LogConfig: Setting CVar [[r.HairStrands.DeepShadow.SuperSampling:0]]
[2021.01.29-18.47.45:337][  0]LogConfig: Setting CVar [[r.HairStrands.VisibilityPPLL:0]]
[2021.01.29-18.47.45:337][  0]LogConfig: Setting CVar [[r.HairStrands.RasterizationScale:0.5]]
[2021.01.29-18.47.45:337][  0]LogConfig: Setting CVar [[r.HairStrands.VelocityRasterizationScale:1]]
[2021.01.29-18.47.45:337][  0]LogConfig: Applying CVar settings from Section [Startup] File [../../../Engine/Config/ConsoleVariables.ini]
[2021.01.29-18.47.45:337][  0]LogConfig: Setting CVar [[net.UseAdaptiveNetUpdateFrequency:0]]
[2021.01.29-18.47.45:337][  0]LogConfig: Setting CVar [[p.chaos.AllowCreatePhysxBodies:1]]
[2021.01.29-18.47.45:337][  0]LogConfig: Setting CVar [[fx.SkipVectorVMBackendOptimizations:1]]
[2021.01.29-18.47.45:337][  0]LogConfig: Applying CVar settings from Section [ConsoleVariables] File [D:/GameJam2021/UnrealEngine/GameJamtest4/MyProject2/Saved/Config/Windows/Engine.ini]
[2021.01.29-18.47.45:337][  0]LogInit: Computer: DESKTOP-LR2C840
[2021.01.29-18.47.45:337][  0]LogInit: User: rmacl
[2021.01.29-18.47.45:337][  0]LogInit: CPU Page size=4096, Cores=2
[2021.01.29-18.47.45:337][  0]LogInit: High frequency timer resolution =10.000000 MHz
[2021.01.29-18.47.45:337][  0]LogMemory: Memory total: Physical=15.9GB (16GB approx)
[2021.01.29-18.47.45:337][  0]LogMemory: Platform Memory Stats for Windows
[2021.01.29-18.47.45:337][  0]LogMemory: Process Physical Memory: 114.45 MB used, 114.45 MB peak
[2021.01.29-18.47.45:337][  0]LogMemory: Process Virtual Memory: 94.97 MB used, 94.97 MB peak
[2021.01.29-18.47.45:337][  0]LogMemory: Physical Memory: 6172.95 MB used,  10076.04 MB free, 16248.99 MB total
[2021.01.29-18.47.45:337][  0]LogMemory: Virtual Memory: 5124.52 MB used,  134212600.00 MB free, 134217728.00 MB total
[2021.01.29-18.47.45:343][  0]LogWindows: WindowsPlatformFeatures enabled
[2021.01.29-18.47.45:390][  0]LogInit: Physics initialised using underlying interface: PhysX
[2021.01.29-18.47.45:391][  0]LogInit: Using OS detected language (en-GB).
[2021.01.29-18.47.45:391][  0]LogInit: Using OS detected locale (en-GB).
[2021.01.29-18.47.45:392][  0]LogTextLocalizationManager: No specific localization for 'en-GB' exists, so the 'en' localization will be used.
[2021.01.29-18.47.45:553][  0]LogInit: Setting process to per monitor DPI aware
[2021.01.29-18.47.45:607][  0]LogSlate: New Slate User Created.  User Index 0, Is Virtual User: 0
[2021.01.29-18.47.45:607][  0]LogSlate: Slate User Registered.  User Index 0, Is Virtual User: 0
[2021.01.29-18.47.45:863][  0]LogHMD: Failed to initialize OpenVR with code 110
[2021.01.29-18.47.45:863][  0]LogD3D11RHI: D3D11 min allowed feature level: 11_0
[2021.01.29-18.47.45:863][  0]LogD3D11RHI: D3D11 max allowed feature level: 11_0
[2021.01.29-18.47.45:863][  0]LogD3D11RHI: D3D11 adapters:
[2021.01.29-18.47.45:939][  0]LogD3D11RHI:    0. 'NVIDIA GeForce GTX 1050' (Feature Level 11_0)
[2021.01.29-18.47.45:939][  0]LogD3D11RHI:       1977/0/8124 MB DedicatedVideo/DedicatedSystem/SharedSystem, Outputs:2, VendorId:0x10de
[2021.01.29-18.47.45:961][  0]LogD3D11RHI:    1. 'Intel(R) HD Graphics 630' (Feature Level 11_0)
[2021.01.29-18.47.45:961][  0]LogD3D11RHI:       128/0/8124 MB DedicatedVideo/DedicatedSystem/SharedSystem, Outputs:0, VendorId:0x8086
[2021.01.29-18.47.45:963][  0]LogD3D11RHI:    2. 'Microsoft Basic Render Driver' (Feature Level 11_0)
[2021.01.29-18.47.45:963][  0]LogD3D11RHI:       0/0/8124 MB DedicatedVideo/DedicatedSystem/SharedSystem, Outputs:0, VendorId:0x1414
[2021.01.29-18.47.45:963][  0]LogD3D11RHI: Chosen D3D11 Adapter: 0
[2021.01.29-18.47.45:968][  0]LogD3D11RHI: Creating new Direct3DDevice
[2021.01.29-18.47.45:968][  0]LogD3D11RHI:     GPU DeviceId: 0x1c81 (for the marketing name, search the web for "GPU Device Id")
[2021.01.29-18.47.45:968][  0]LogWindows: EnumDisplayDevices:
[2021.01.29-18.47.45:968][  0]LogWindows:    0. 'Intel(R) HD Graphics 630' (P:1 D:1)
[2021.01.29-18.47.45:968][  0]LogWindows:    1. 'Intel(R) HD Graphics 630' (P:0 D:1)
[2021.01.29-18.47.45:969][  0]LogWindows:    2. 'Intel(R) HD Graphics 630' (P:0 D:0)
[2021.01.29-18.47.45:969][  0]LogWindows:    3. 'NVIDIA GeForce GTX 1050' (P:0 D:0)
[2021.01.29-18.47.45:969][  0]LogWindows:    4. 'NVIDIA GeForce GTX 1050' (P:0 D:0)
[2021.01.29-18.47.45:969][  0]LogWindows:    5. 'NVIDIA GeForce GTX 1050' (P:0 D:0)
[2021.01.29-18.47.45:969][  0]LogWindows:    6. 'NVIDIA GeForce GTX 1050' (P:0 D:0)
[2021.01.29-18.47.45:970][  0]LogWindows: DebugString: PrimaryIsNotTheChoosenAdapter PrimaryIsNotTheChoosenAdapter PrimaryIsNotTheChoosenAdapter FoundDriverCount:4 
[2021.01.29-18.47.45:970][  0]LogD3D11RHI:     Adapter Name: NVIDIA GeForce GTX 1050
[2021.01.29-18.47.45:970][  0]LogD3D11RHI:   Driver Version: 456.71 (internal:27.21.14.5671, unified:456.71)
[2021.01.29-18.47.45:970][  0]LogD3D11RHI:      Driver Date: 9-30-2020
[2021.01.29-18.47.45:970][  0]LogRHI: Texture pool is 1384 MB (70% of 1977 MB)
[2021.01.29-18.47.46:017][  0]LogD3D11RHI: RHI has support for 64 bit atomics
[2021.01.29-18.47.46:017][  0]LogD3D11RHI: Async texture creation enabled
[2021.01.29-18.47.46:017][  0]LogD3D11RHI: Array index from any shader is supported
[2021.01.29-18.47.46:033][  0]LogD3D11RHI: GPU Timing Frequency: 1000.000000 (Debug: 2 1)
[2021.01.29-18.47.46:350][  0]LogTargetPlatformManager: Display: Loaded TargetPlatform 'AllDesktop'
[2021.01.29-18.47.46:370][  0]LogTargetPlatformManager: Display: Loaded TargetPlatform 'Android'
[2021.01.29-18.47.46:370][  0]LogTargetPlatformManager: Display: Loaded TargetPlatform 'Android_ASTC'
[2021.01.29-18.47.46:370][  0]LogTargetPlatformManager: Display: Loaded TargetPlatform 'Android_DXT'
[2021.01.29-18.47.46:370][  0]LogTargetPlatformManager: Display: Loaded TargetPlatform 'Android_ETC2'
[2021.01.29-18.47.46:370][  0]LogTargetPlatformManager: Display: Loaded TargetPlatform 'AndroidClient'
[2021.01.29-18.47.46:370][  0]LogTargetPlatformManager: Display: Loaded TargetPlatform 'Android_ASTCClient'
[2021.01.29-18.47.46:370][  0]LogTargetPlatformManager: Display: Loaded TargetPlatform 'Android_DXTClient'
[2021.01.29-18.47.46:370][  0]LogTargetPlatformManager: Display: Loaded TargetPlatform 'Android_ETC2Client'
[2021.01.29-18.47.46:370][  0]LogTargetPlatformManager: Display: Loaded TargetPlatform 'Android_Multi'
[2021.01.29-18.47.46:370][  0]LogTargetPlatformManager: Display: Loaded TargetPlatform 'Android_MultiClient'
[2021.01.29-18.47.46:392][  0]LogTargetPlatformManager: Display: Loaded TargetPlatform 'IOSClient'
[2021.01.29-18.47.46:392][  0]LogTargetPlatformManager: Display: Loaded TargetPlatform 'IOS'
[2021.01.29-18.47.46:401][  0]LogTargetPlatformManager: Display: Loaded TargetPlatform 'Linux'
[2021.01.29-18.47.46:409][  0]LogTargetPlatformManager: Display: Loaded TargetPlatform 'LinuxNoEditor'
[2021.01.29-18.47.46:417][  0]LogTargetPlatformManager: Display: Loaded TargetPlatform 'LinuxClient'
[2021.01.29-18.47.46:425][  0]LogTargetPlatformManager: Display: Loaded TargetPlatform 'LinuxServer'
[2021.01.29-18.47.46:433][  0]LogTargetPlatformManager: Display: Loaded TargetPlatform 'LinuxAArch64NoEditor'
[2021.01.29-18.47.46:442][  0]LogTargetPlatformManager: Display: Loaded TargetPlatform 'LinuxAArch64Client'
[2021.01.29-18.47.46:450][  0]LogTargetPlatformManager: Display: Loaded TargetPlatform 'LinuxAArch64Server'
[2021.01.29-18.47.46:473][  0]LogTargetPlatformManager: Display: Loaded TargetPlatform 'Lumin'
[2021.01.29-18.47.46:473][  0]LogTargetPlatformManager: Display: Loaded TargetPlatform 'LuminClient'
[2021.01.29-18.47.46:486][  0]LogTargetPlatformManager: Display: Loaded TargetPlatform 'TVOSClient'
[2021.01.29-18.47.46:486][  0]LogTargetPlatformManager: Display: Loaded TargetPlatform 'TVOS'
[2021.01.29-18.47.46:495][  0]LogTargetPlatformManager: Display: Loaded TargetPlatform 'WindowsNoEditor'
[2021.01.29-18.47.46:503][  0]LogTargetPlatformManager: Display: Loaded TargetPlatform 'Windows'
[2021.01.29-18.47.46:511][  0]LogTargetPlatformManager: Display: Loaded TargetPlatform 'WindowsClient'
[2021.01.29-18.47.46:518][  0]LogTargetPlatformManager: Display: Loaded TargetPlatform 'WindowsServer'
[2021.01.29-18.47.46:519][  0]LogTargetPlatformManager: Display: Building Assets For Windows
[2021.01.29-18.47.46:526][  0]LogAudioDebug: Display: Lib vorbis DLL was dynamically loaded.
[2021.01.29-18.47.46:584][  0]LogShaderCompilers: Guid format shader working directory is -17 characters bigger than the processId version (../../../../../GameJam2021/UnrealEngine/GameJamtest4/MyProject2/Intermediate/Shaders/WorkingDirectory/8804/).
[2021.01.29-18.47.46:584][  0]LogShaderCompilers: Cleaned the shader compiler working directory 'C:/Users/rmacl/AppData/Local/Temp/UnrealShaderWorkingDir/D15FF9DB49EF728230DD928C5B4187E3/'.
[2021.01.29-18.47.46:584][  0]LogXGEController: Cannot use XGE Controller as Incredibuild is not installed on this machine.
[2021.01.29-18.47.46:584][  0]LogShaderCompilers: Cannot use XGE Shader Compiler as Incredibuild is not installed on this machine.
[2021.01.29-18.47.46:584][  0]LogShaderCompilers: Display: Using Local Shader Compiler.
[2021.01.29-18.47.47:279][  0]LogDerivedDataCache: Display: Max Cache Size: 512 MB
[2021.01.29-18.47.47:325][  0]LogDerivedDataCache: Loaded boot cache 0.05s 75MB C:/Users/rmacl/AppData/Local/UnrealEngine/4.25/DerivedDataCache/Boot.ddc.
[2021.01.29-18.47.47:325][  0]LogDerivedDataCache: Display: Loaded Boot cache: C:/Users/rmacl/AppData/Local/UnrealEngine/4.25/DerivedDataCache/Boot.ddc
[2021.01.29-18.47.47:325][  0]LogDerivedDataCache: FDerivedDataBackendGraph:  Pak pak cache file ../../../../../GameJam2021/UnrealEngine/GameJamtest4/MyProject2/DerivedDataCache/DDC.ddp not found, will not use a pak cache.
[2021.01.29-18.47.47:325][  0]LogDerivedDataCache: Unable to find inner node Pak for hierarchical cache Hierarchy.
[2021.01.29-18.47.47:325][  0]LogDerivedDataCache: FDerivedDataBackendGraph:  CompressedPak pak cache file ../../../../../GameJam2021/UnrealEngine/GameJamtest4/MyProject2/DerivedDataCache/Compressed.ddp not found, will not use a pak cache.
[2021.01.29-18.47.47:325][  0]LogDerivedDataCache: Unable to find inner node CompressedPak for hierarchical cache Hierarchy.
[2021.01.29-18.47.47:334][  0]LogDerivedDataCache: Display: Pak cache opened for reading ../../../Engine/DerivedDataCache/Compressed.ddp.
[2021.01.29-18.47.47:334][  0]LogDerivedDataCache: FDerivedDataBackendGraph:  EnterprisePak pak cache file ../../../Enterprise/DerivedDataCache/Compressed.ddp not found, will not use a pak cache.
[2021.01.29-18.47.47:334][  0]LogDerivedDataCache: Unable to find inner node EnterprisePak for hierarchical cache Hierarchy.
[2021.01.29-18.47.47:335][  0]LogDerivedDataCache: Using Local data cache path C:/Users/rmacl/AppData/Local/UnrealEngine/Common/DerivedDataCache: Writable
[2021.01.29-18.47.47:335][  0]LogDerivedDataCache: Shared data cache path not found in *engine.ini, will not use an Shared cache.
[2021.01.29-18.47.47:335][  0]LogDerivedDataCache: Unable to find inner node Shared for hierarchical cache Hierarchy.
[2021.01.29-18.47.47:381][  0]LogSlate: Using FreeType 2.10.0
[2021.01.29-18.47.47:381][  0]LogSlate: SlateFontServices - WITH_FREETYPE: 1, WITH_HARFBUZZ: 1
[2021.01.29-18.47.47:413][  0]LogAssetRegistry: FAssetRegistry took 0.0022 seconds to start up
[2021.01.29-18.47.47:678][  0]LogInit: Selected Device Profile: [Windows]
[2021.01.29-18.47.47:786][  0]LogMeshReduction: Using QuadricMeshReduction for automatic static mesh reduction
[2021.01.29-18.47.47:786][  0]LogMeshReduction: Using SimplygonMeshReduction for automatic skeletal mesh reduction
[2021.01.29-18.47.47:786][  0]LogMeshReduction: Using ProxyLODMeshReduction for automatic mesh merging
[2021.01.29-18.47.47:786][  0]LogMeshReduction: No distributed automatic mesh merging module available
[2021.01.29-18.47.47:786][  0]LogMeshMerging: No distributed automatic mesh merging module available
[2021.01.29-18.47.47:802][  0]LogNetVersion: MyProject2 1.0.0, NetCL: 13144385, EngineNetVer: 14, GameNetVer: 0 (Checksum: 2431794755)
[2021.01.29-18.47.48:278][  0]LogAISub: UAISubsystem::UAISubsystem AISubsystem (000001D6C0C80280), frame # 0
[2021.01.29-18.47.48:278][  0]LogAISub: UAISubsystem::UAISubsystem AIPerceptionSystem (000001D6C0BB4F40), frame # 0
[2021.01.29-18.47.48:279][  0]LogAISub: UAISubsystem::UAISubsystem EnvQueryManager (000001D6C0BCB200), frame # 0
[2021.01.29-18.47.48:336][  0]LogPackageLocalizationCache: Processed 19 localized package path(s) for 1 prioritized culture(s) in 0.050446 seconds
[2021.01.29-18.47.48:340][  0]LogUObjectArray: 15917 objects as part of root set at end of initial load.
[2021.01.29-18.47.48:340][  0]LogUObjectAllocator: 3965568 out of 0 bytes used by permanent object pool.
[2021.01.29-18.47.48:340][  0]LogUObjectArray: CloseDisregardForGC: 0/0 objects in disregard for GC pool
[2021.01.29-18.47.48:651][  0]LogTcpMessaging: Initializing TcpMessaging bridge
[2021.01.29-18.47.48:656][  0]LogUdpMessaging: Initializing bridge on interface 0.0.0.0:0 to multicast group 230.0.0.1:6666.
[2021.01.29-18.47.48:730][  0]SourceControl: Source control is disabled
[2021.01.29-18.47.48:730][  0]SourceControl: Source control is disabled
[2021.01.29-18.47.48:733][  0]SourceControl: Source control is disabled
[2021.01.29-18.47.48:736][  0]SourceControl: Source control is disabled
[2021.01.29-18.47.48:743][  0]SourceControl: Source control is disabled
[2021.01.29-18.47.48:969][  0]LogAndroidPermission: UAndroidPermissionCallbackProxy::GetInstance
[2021.01.29-18.47.48:988][  0]LogAudioCaptureCore: Display: No Audio Capture implementations found. Audio input will be silent.
[2021.01.29-18.47.48:988][  0]LogAudioCaptureCore: Display: No Audio Capture implementations found. Audio input will be silent.
[2021.01.29-18.47.49:047][  0]LogOcInput: OculusInput pre-init called
[2021.01.29-18.47.49:057][  0]LogWindows: Failed to load 'OVRPlugin.dll' (GetLastError=126)
[2021.01.29-18.47.49:057][  0]LogWindows: File 'OVRPlugin.dll' does not exist
[2021.01.29-18.47.49:110][  0]LogEngine: Initializing Engine...
[2021.01.29-18.47.49:112][  0]LogHMD: Failed to initialize OpenVR with code 110
[2021.01.29-18.47.49:112][  0]LogMagicLeap: Warning: VR disabled because ZI is not enabled.  To enable, in the editor, Edit -> Project Settings -> Plugins -> Magic Leap Plugin -> Enable Zero Iteration
[2021.01.29-18.47.49:113][  0]LogStats: UGameplayTagsManager::InitializeManager -  0.000 s
[2021.01.29-18.47.49:220][  0]LogInit: Initializing FReadOnlyCVARCache
[2021.01.29-18.47.49:226][  0]LogAIModule: Creating AISystem for world Untitled
[2021.01.29-18.47.49:226][  0]LogAISub: UAISubsystem::UAISubsystem EnvQueryManager (000001D6C5591800), frame # 0
[2021.01.29-18.47.49:226][  0]LogAISub: UAISubsystem::UAISubsystem AIPerceptionSystem (000001D6C55D5940), frame # 0
[2021.01.29-18.47.49:245][  0]LogAudioMixer: Display: Audio Mixer Platform Settings:
[2021.01.29-18.47.49:245][  0]LogAudioMixer: Display: 	Sample Rate:						  48000
[2021.01.29-18.47.49:245][  0]LogAudioMixer: Display: 	Callback Buffer Frame Size Requested: 1024
[2021.01.29-18.47.49:245][  0]LogAudioMixer: Display: 	Callback Buffer Frame Size To Use:	  1024
[2021.01.29-18.47.49:245][  0]LogAudioMixer: Display: 	Number of buffers to queue:			  2
[2021.01.29-18.47.49:245][  0]LogAudioMixer: Display: 	Max Channels (voices):				  32
[2021.01.29-18.47.49:245][  0]LogAudioMixer: Display: 	Number of Async Source Workers:		  0
[2021.01.29-18.47.49:245][  0]LogAudio: Display: AudioDevice MaxSources: 32
[2021.01.29-18.47.49:245][  0]LogAudio: Display: Using built-in audio occlusion.
[2021.01.29-18.47.49:245][  0]LogAudioMixer: Display: Initializing audio mixer.
[2021.01.29-18.47.49:262][  0]LogAudioMixer: Display: 0: FrontLeft
[2021.01.29-18.47.49:262][  0]LogAudioMixer: Display: 1: FrontRight
[2021.01.29-18.47.49:299][  0]LogAudioMixer: Display: Using Audio Device Speakers (Realtek High Definition Audio)
[2021.01.29-18.47.49:301][  0]LogAudioMixer: Display: Initializing Sound Submixes...
[2021.01.29-18.47.49:303][  0]LogAudioMixer: Display: Creating Master Submix 'MasterSubmixDefault'
[2021.01.29-18.47.49:303][  0]LogAudioMixer: Display: Creating Master Submix 'MasterReverbSubmixDefault'
[2021.01.29-18.47.49:304][  0]LogAudioMixer: Display: Creating Master Submix 'MasterEQSubmixDefault'
[2021.01.29-18.47.49:305][  0]LogInit: FAudioDevice initialized.
[2021.01.29-18.47.49:305][  0]LogNetVersion: Set ProjectVersion to 1.0.0.0. Version Checksum will be recalculated on next use.
[2021.01.29-18.47.49:450][  0]LogDerivedDataCache: Saved boot cache 0.14s 75MB C:/Users/rmacl/AppData/Local/UnrealEngine/4.25/DerivedDataCache/Boot.ddc.
[2021.01.29-18.47.49:454][  0]LogInit: Texture streaming: Enabled
[2021.01.29-18.47.49:469][  0]LogEngineSessionManager: EngineSessionManager initialized
[2021.01.29-18.47.49:469][  0]LogEditorSessionSummary: Verbose: Initializing EditorSessionSummaryWriter for editor session tracking
[2021.01.29-18.47.49:470][  0]LogEditorSessionSummary: EditorSessionSummaryWriter initialized
[2021.01.29-18.47.49:521][  0]LogInit: Transaction tracking system initialized
[2021.01.29-18.47.49:541][  0]BlueprintLog: New page: Editor Load
[2021.01.29-18.47.49:604][  0]LocalizationService: Localization service is disabled
[2021.01.29-18.47.49:747][  0]LogCook: Display: Max memory allowance for cook 16384mb min free memory 0mb
[2021.01.29-18.47.49:748][  0]LogCook: Display: Mobile HDR setting 1
[2021.01.29-18.47.49:893][  0]LogFileCache: Scanning file cache for directory 'D:/GameJam2021/UnrealEngine/GameJamtest4/MyProject2/Content/' took 0.05s
[2021.01.29-18.47.50:216][  0]SourceControl: Source control is disabled
[2021.01.29-18.47.50:216][  0]LogUnrealEdMisc: Loading editor; pre map load, took 6.623
[2021.01.29-18.47.50:216][  0]Cmd: MAP LOAD FILE="../../../../../GameJam2021/UnrealEngine/GameJamtest4/MyProject2/Content/ThirdPersonBP/Maps/ThirdPersonExampleMap.umap" TEMPLATE=0 SHOWPROGRESS=1 FEATURELEVEL=3
[2021.01.29-18.47.50:216][  0]LightingResults: New page: Lighting Build
[2021.01.29-18.47.50:217][  0]LogWorld: UWorld::CleanupWorld for Untitled, bSessionEnded=true, bCleanupResources=true
[2021.01.29-18.47.50:217][  0]LogSlate: InvalidateAllWidgets triggered.  All widgets were invalidated
[2021.01.29-18.47.50:218][  0]MapCheck: New page: Map Check
[2021.01.29-18.47.50:218][  0]LightingResults: New page: Lighting Build
[2021.01.29-18.47.50:224][  0]LogAISub: UAISubsystem::~UAISubsystem EnvQueryManager (000001D6C5591800), frame # 0
[2021.01.29-18.47.50:224][  0]LogAISub: UAISubsystem::~UAISubsystem AIPerceptionSystem (000001D6C55D5940), frame # 0
[2021.01.29-18.47.50:225][  0]LogUObjectHash: Compacting FUObjectHashTables data took   0.56ms
[2021.01.29-18.47.51:116][  0]LogAIModule: Creating AISystem for world ThirdPersonExampleMap
[2021.01.29-18.47.51:116][  0]LogAISub: UAISubsystem::UAISubsystem EnvQueryManager (000001D6B22D6000), frame # 0
[2021.01.29-18.47.51:116][  0]LogAISub: UAISubsystem::UAISubsystem AIPerceptionSystem (000001D6CDA97B00), frame # 0
[2021.01.29-18.47.51:173][  0]LogEditorServer: Finished looking for orphan Actors (0.000 secs)
[2021.01.29-18.47.51:186][  0]LogUObjectHash: Compacting FUObjectHashTables data took   0.78ms
[2021.01.29-18.47.51:188][  0]Cmd: MAP CHECKDEP NOCLEARLOG
[2021.01.29-18.47.51:188][  0]MapCheck: Map check complete: 0 Error(s), 0 Warning(s), took 0.158ms to complete.
[2021.01.29-18.47.51:188][  0]LogFileHelpers: Loading map 'ThirdPersonExampleMap' took 0.972
[2021.01.29-18.47.51:190][  0]LogUnrealEdMisc: Total Editor Startup Time, took 7.597
[2021.01.29-18.47.51:354][  0]LogSlate: Updating window title bar state: overlay mode, drag disabled, window buttons hidden, title bar hidden
[2021.01.29-18.47.51:360][  0]LogSlate: Updating window title bar state: overlay mode, drag disabled, window buttons hidden, title bar hidden
[2021.01.29-18.47.51:367][  0]LogSlate: Updating window title bar state: overlay mode, drag disabled, window buttons hidden, title bar hidden
[2021.01.29-18.47.51:373][  0]LogSlate: Updating window title bar state: overlay mode, drag disabled, window buttons hidden, title bar hidden
[2021.01.29-18.47.51:379][  0]LogCollectionManager: Loaded 0 collections in 0.000883 seconds
[2021.01.29-18.47.51:393][  0]LogFileCache: Scanning file cache for directory 'D:/GameJam2021/UnrealEngine/GameJamtest4/MyProject2/Saved/Collections/' took 0.00s
[2021.01.29-18.47.51:393][  0]LogFileCache: Scanning file cache for directory 'D:/GameJam2021/UnrealEngine/GameJamtest4/MyProject2/Content/Developers/rmacl/Collections/' took 0.00s
[2021.01.29-18.47.51:393][  0]LogFileCache: Scanning file cache for directory 'D:/GameJam2021/UnrealEngine/GameJamtest4/MyProject2/Content/Collections/' took 0.00s
[2021.01.29-18.47.51:393][  0]LogContentBrowser: Native class hierarchy populated in 0.0080 seconds. Added 3427 classes and 821 folders.
[2021.01.29-18.47.51:395][  0]LogContentBrowser: Native class hierarchy updated for 'WidgetCarousel' in 0.0002 seconds. Added 0 classes and 0 folders.
[2021.01.29-18.47.51:462][  0]LogContentBrowser: Native class hierarchy updated for 'AddContentDialog' in 0.0003 seconds. Added 0 classes and 0 folders.
[2021.01.29-18.47.51:463][  0]LogContentBrowser: Native class hierarchy updated for 'SceneOutliner' in 0.0003 seconds. Added 2 classes and 0 folders.
[2021.01.29-18.47.51:522][  0]LogSlate: Took 0.000208 seconds to synchronously load lazily loaded font '../../../Engine/Content/Slate/Fonts/Roboto-Regular.ttf' (155K)
[2021.01.29-18.47.51:524][  0]LogSlate: Took 0.000266 seconds to synchronously load lazily loaded font '../../../Engine/Content/Slate/Fonts/Roboto-Bold.ttf' (160K)
[2021.01.29-18.47.51:528][  0]LogSlate: Took 0.000194 seconds to synchronously load lazily loaded font '../../../Engine/Content/Editor/Slate/Fonts/FontAwesome.ttf' (139K)
[2021.01.29-18.47.51:597][  0]LogRenderer: Reallocating scene render targets to support 1208x572 Format 10 NumSamples 1 (Frame:1).
[2021.01.29-18.47.51:790][  0]LogContentBrowser: Native class hierarchy updated for 'HierarchicalLODOutliner' in 0.0004 seconds. Added 0 classes and 0 folders.
[2021.01.29-18.47.51:790][  0]LogLoad: (Engine Initialization) Total time: 8.20 seconds
[2021.01.29-18.47.51:790][  0]LogLoad: (Engine Initialization) Total Blueprint compile time: 0.00 seconds
[2021.01.29-18.47.51:850][  0]LogContentStreaming: Texture pool size now 1000 MB
[2021.01.29-18.47.51:860][  0]LogSlate: Took 0.000188 seconds to synchronously load lazily loaded font '../../../Engine/Content/Slate/Fonts/Roboto-Light.ttf' (167K)
[2021.01.29-18.47.51:917][  1]LogAssetRegistry: Asset discovery search completed in 4.5045 seconds
[2021.01.29-18.47.51:921][  1]LogCollectionManager: Fixed up redirectors for 0 collections in 0.000003 seconds (updated 0 objects)
[2021.01.29-18.48.01:535][623]LogEditorViewport: Clicking on Actor (LMB): LevelLayout_C (LevelLayout)
[2021.01.29-18.48.15:509][181]LogSlate: Took 0.000198 seconds to synchronously load lazily loaded font '../../../Engine/Content/Slate/Fonts/Roboto-Light.ttf' (167K)
[2021.01.29-18.48.15:548][181]LogAssetEditorSubsystem: Opening Asset editor for Blueprint /Game/StarterBundle/ModularSci_Int/Meshes/LevelLayout.LevelLayout
[2021.01.29-18.48.15:716][181]LogClass: Warning: Enum '/Game/FXVillesBloodVFXPack/DemoRoomAssets/BluePrint/BP_DemoDisplay_Enum.BP_DemoDisplay_Enum' was upgraded to use FText to store its display name data. Please re-save this asset to avoid issues with localization and determinstic cooking.
[2021.01.29-18.48.15:744][181]LogContentBrowser: Native class hierarchy updated for 'BlueprintGraph' in 0.0010 seconds. Added 125 classes and 0 folders.
[2021.01.29-18.48.16:603][181]LogSlate: Took 0.000221 seconds to synchronously load lazily loaded font '../../../Engine/Content/Slate/Fonts/Roboto-BoldCondensed.ttf' (158K)
[2021.01.29-18.50.28:079][ 94]LogEditorTransaction: Undo Move Node
[2021.01.29-18.50.28:873][118]LogEditorTransaction: Undo Promote To Variable
[2021.01.29-18.50.53:722][326]LogSlate: Took 0.000223 seconds to synchronously load lazily loaded font '../../../Engine/Content/Slate/Fonts/Roboto-Italic.ttf' (157K)
[2021.01.29-18.54.20:214][288]LogAudioMixer: Display: Audio Buffer Underrun detected.
[2021.01.29-18.54.34:143][816]BlueprintLog: New page: Compile LevelLayout
[2021.01.29-18.54.34:357][816]LogUObjectHash: Compacting FUObjectHashTables data took   3.20ms
[2021.01.29-18.55.21:191][387]BlueprintLog: New page: Compile LevelLayout
[2021.01.29-18.55.21:356][387]LogUObjectHash: Compacting FUObjectHashTables data took   2.30ms
[2021.01.29-18.55.27:346][627]LogTemp: Repeating last play command: Selected Viewport
[2021.01.29-18.55.27:361][627]LogPlayLevel: PlayLevel: No blueprints needed recompiling
[2021.01.29-18.55.27:361][627]PIE: New page: PIE session: ThirdPersonExampleMap (29 Jan 2021, 18:55:27)
[2021.01.29-18.55.27:362][627]LogOnline: OSS: Creating online subsystem instance for: NULL
[2021.01.29-18.55.27:363][627]LogOnline: OSS: TryLoadSubsystemAndSetDefault: Loaded subsystem for module [NULL]
[2021.01.29-18.55.27:363][627]LogPlayLevel: Creating play world package: /Game/ThirdPersonBP/Maps/UEDPIE_0_ThirdPersonExampleMap
[2021.01.29-18.55.27:382][627]LogPlayLevel: PIE: StaticDuplicateObject took: (0.018809s)
[2021.01.29-18.55.27:383][627]LogAIModule: Creating AISystem for world ThirdPersonExampleMap
[2021.01.29-18.55.27:383][627]LogAISub: UAISubsystem::UAISubsystem EnvQueryManager (000001D70FB1B800), frame # 19627
[2021.01.29-18.55.27:383][627]LogAISub: UAISubsystem::UAISubsystem AIPerceptionSystem (000001D73BC7E200), frame # 19627
[2021.01.29-18.55.27:383][627]LogPlayLevel: PIE: World Init took: (0.001471s)
[2021.01.29-18.55.27:384][627]LogPlayLevel: PIE: Created PIE world by copying editor world from /Game/ThirdPersonBP/Maps/ThirdPersonExampleMap.ThirdPersonExampleMap to /Game/ThirdPersonBP/Maps/UEDPIE_0_ThirdPersonExampleMap.ThirdPersonExampleMap (0.020472s)
[2021.01.29-18.55.27:416][627]LogUObjectHash: Compacting FUObjectHashTables data took   2.17ms
[2021.01.29-18.55.27:419][627]LogAudioMixer: Display: Audio Mixer Platform Settings:
[2021.01.29-18.55.27:419][627]LogAudioMixer: Display: 	Sample Rate:						  48000
[2021.01.29-18.55.27:419][627]LogAudioMixer: Display: 	Callback Buffer Frame Size Requested: 1024
[2021.01.29-18.55.27:419][627]LogAudioMixer: Display: 	Callback Buffer Frame Size To Use:	  1024
[2021.01.29-18.55.27:419][627]LogAudioMixer: Display: 	Number of buffers to queue:			  2
[2021.01.29-18.55.27:419][627]LogAudioMixer: Display: 	Max Channels (voices):				  32
[2021.01.29-18.55.27:419][627]LogAudioMixer: Display: 	Number of Async Source Workers:		  0
[2021.01.29-18.55.27:419][627]LogAudio: Display: AudioDevice MaxSources: 32
[2021.01.29-18.55.27:420][627]LogAudio: Display: Using built-in audio occlusion.
[2021.01.29-18.55.27:420][627]LogAudioMixer: Display: Initializing audio mixer.
[2021.01.29-18.55.27:425][627]LogAudioMixer: Display: 0: FrontLeft
[2021.01.29-18.55.27:425][627]LogAudioMixer: Display: 1: FrontRight
[2021.01.29-18.55.27:444][627]LogAudioMixer: Display: Using Audio Device Speakers (Realtek High Definition Audio)
[2021.01.29-18.55.27:444][627]LogAudioMixer: Display: Initializing Sound Submixes...
[2021.01.29-18.55.27:445][627]LogAudioMixer: Display: Creating Master Submix 'MasterSubmixDefault'
[2021.01.29-18.55.27:445][627]LogAudioMixer: Display: Creating Master Submix 'MasterReverbSubmixDefault'
[2021.01.29-18.55.27:445][627]LogAudioMixer: Display: Creating Master Submix 'MasterEQSubmixDefault'
[2021.01.29-18.55.27:457][627]LogInit: FAudioDevice initialized.
[2021.01.29-18.55.27:471][627]LogLoad: Game class is 'ThirdPersonGameMode_C'
[2021.01.29-18.55.27:483][627]LogWorld: Bringing World /Game/ThirdPersonBP/Maps/UEDPIE_0_ThirdPersonExampleMap.ThirdPersonExampleMap up for play (max tick rate 0) at 2021.01.29-18.55.27
[2021.01.29-18.55.27:483][627]LogWorld: Bringing up level for play took: 0.011809
[2021.01.29-18.55.27:483][627]LogOnline: OSS: Creating online subsystem instance for: :Context_3
[2021.01.29-18.55.27:496][627]LogContentBrowser: Native class hierarchy updated for 'MovieSceneCapture' in 0.0004 seconds. Added 20 classes and 0 folders.
[2021.01.29-18.55.27:496][627]PIE: Server logged in
[2021.01.29-18.55.27:497][627]PIE: Play in editor total start time 0.138 seconds.
[2021.01.29-18.55.49:496][377]LogSlate: Updating window title bar state: overlay mode, drag disabled, window buttons hidden, title bar hidden
[2021.01.29-18.55.49:496][377]LogWorld: BeginTearingDown for /Game/ThirdPersonBP/Maps/UEDPIE_0_ThirdPersonExampleMap
[2021.01.29-18.55.49:496][377]LogWorld: UWorld::CleanupWorld for ThirdPersonExampleMap, bSessionEnded=true, bCleanupResources=true
[2021.01.29-18.55.49:498][377]LogSlate: InvalidateAllWidgets triggered.  All widgets were invalidated
[2021.01.29-18.55.49:514][377]LogPlayLevel: Display: Shutting down PIE online subsystems
[2021.01.29-18.55.49:519][377]LogSlate: InvalidateAllWidgets triggered.  All widgets were invalidated
[2021.01.29-18.55.49:557][377]LogSlate: Updating window title bar state: overlay mode, drag disabled, window buttons hidden, title bar hidden
[2021.01.29-18.55.49:564][377]LogAISub: UAISubsystem::~UAISubsystem AIPerceptionSystem (000001D73BC7E200), frame # 21377
[2021.01.29-18.55.49:564][377]LogAISub: UAISubsystem::~UAISubsystem EnvQueryManager (000001D70FB1B800), frame # 21377
[2021.01.29-18.55.49:581][377]LogUObjectHash: Compacting FUObjectHashTables data took   3.34ms
[2021.01.29-18.55.49:611][378]LogPlayLevel: Display: Destroying online subsystem :Context_3
[2021.01.29-18.56.10:748][916]LogTemp: Repeating last play command: Selected Viewport
[2021.01.29-18.56.10:764][916]BlueprintLog: New page: Pre-Play auto-recompile
[2021.01.29-18.56.10:766][916]LogPlayLevel: [PlayLevel] Compiling LevelLayout before play...
[2021.01.29-18.56.11:148][916]LogUObjectHash: Compacting FUObjectHashTables data took   3.08ms
[2021.01.29-18.56.11:151][916]LogPlayLevel: PlayLevel: Blueprint regeneration took 386 ms (1 blueprints)
[2021.01.29-18.56.11:151][916]PIE: New page: PIE session: ThirdPersonExampleMap (29 Jan 2021, 18:56:11)
[2021.01.29-18.56.11:152][916]LogPlayLevel: Creating play world package: /Game/ThirdPersonBP/Maps/UEDPIE_0_ThirdPersonExampleMap
[2021.01.29-18.56.11:167][916]LogPlayLevel: PIE: StaticDuplicateObject took: (0.015173s)
[2021.01.29-18.56.11:168][916]LogAIModule: Creating AISystem for world ThirdPersonExampleMap
[2021.01.29-18.56.11:168][916]LogAISub: UAISubsystem::UAISubsystem EnvQueryManager (000001D71BFA0C00), frame # 22916
[2021.01.29-18.56.11:168][916]LogAISub: UAISubsystem::UAISubsystem AIPerceptionSystem (000001D717713880), frame # 22916
[2021.01.29-18.56.11:169][916]LogPlayLevel: PIE: World Init took: (0.001727s)
[2021.01.29-18.56.11:169][916]LogPlayLevel: PIE: Created PIE world by copying editor world from /Game/ThirdPersonBP/Maps/ThirdPersonExampleMap.ThirdPersonExampleMap to /Game/ThirdPersonBP/Maps/UEDPIE_0_ThirdPersonExampleMap.ThirdPersonExampleMap (0.017054s)
[2021.01.29-18.56.11:199][916]LogUObjectHash: Compacting FUObjectHashTables data took   2.05ms
[2021.01.29-18.56.11:200][916]LogAudioMixer: Display: Audio Mixer Platform Settings:
[2021.01.29-18.56.11:200][916]LogAudioMixer: Display: 	Sample Rate:						  48000
[2021.01.29-18.56.11:200][916]LogAudioMixer: Display: 	Callback Buffer Frame Size Requested: 1024
[2021.01.29-18.56.11:200][916]LogAudioMixer: Display: 	Callback Buffer Frame Size To Use:	  1024
[2021.01.29-18.56.11:200][916]LogAudioMixer: Display: 	Number of buffers to queue:			  2
[2021.01.29-18.56.11:200][916]LogAudioMixer: Display: 	Max Channels (voices):				  32
[2021.01.29-18.56.11:200][916]LogAudioMixer: Display: 	Number of Async Source Workers:		  0
[2021.01.29-18.56.11:200][916]LogAudio: Display: AudioDevice MaxSources: 32
[2021.01.29-18.56.11:200][916]LogAudio: Display: Using built-in audio occlusion.
[2021.01.29-18.56.11:200][916]LogAudioMixer: Display: Initializing audio mixer.
[2021.01.29-18.56.11:204][916]LogAudioMixer: Display: 0: FrontLeft
[2021.01.29-18.56.11:204][916]LogAudioMixer: Display: 1: FrontRight
[2021.01.29-18.56.11:222][916]LogAudioMixer: Display: Using Audio Device Speakers (Realtek High Definition Audio)
[2021.01.29-18.56.11:222][916]LogAudioMixer: Display: Initializing Sound Submixes...
[2021.01.29-18.56.11:223][916]LogAudioMixer: Display: Creating Master Submix 'MasterSubmixDefault'
[2021.01.29-18.56.11:223][916]LogAudioMixer: Display: Creating Master Submix 'MasterReverbSubmixDefault'
[2021.01.29-18.56.11:223][916]LogAudioMixer: Display: Creating Master Submix 'MasterEQSubmixDefault'
[2021.01.29-18.56.11:236][916]LogInit: FAudioDevice initialized.
[2021.01.29-18.56.11:249][916]LogLoad: Game class is 'ThirdPersonGameMode_C'
[2021.01.29-18.56.11:261][916]LogWorld: Bringing World /Game/ThirdPersonBP/Maps/UEDPIE_0_ThirdPersonExampleMap.ThirdPersonExampleMap up for play (max tick rate 0) at 2021.01.29-18.56.11
[2021.01.29-18.56.11:261][916]LogWorld: Bringing up level for play took: 0.011769
[2021.01.29-18.56.11:262][916]LogOnline: OSS: Creating online subsystem instance for: :Context_4
[2021.01.29-18.56.11:264][916]PIE: Server logged in
[2021.01.29-18.56.11:264][916]PIE: Play in editor total start time 0.5 seconds.
[2021.01.29-18.56.19:126][613]LogSlate: Updating window title bar state: overlay mode, drag disabled, window buttons hidden, title bar hidden
[2021.01.29-18.56.19:126][613]LogWorld: BeginTearingDown for /Game/ThirdPersonBP/Maps/UEDPIE_0_ThirdPersonExampleMap
[2021.01.29-18.56.19:126][613]LogWorld: UWorld::CleanupWorld for ThirdPersonExampleMap, bSessionEnded=true, bCleanupResources=true
[2021.01.29-18.56.19:128][613]LogSlate: InvalidateAllWidgets triggered.  All widgets were invalidated
[2021.01.29-18.56.19:138][613]LogPlayLevel: Display: Shutting down PIE online subsystems
[2021.01.29-18.56.19:141][613]LogSlate: InvalidateAllWidgets triggered.  All widgets were invalidated
[2021.01.29-18.56.19:166][613]LogSlate: Updating window title bar state: overlay mode, drag disabled, window buttons hidden, title bar hidden
[2021.01.29-18.56.19:194][613]LogAISub: UAISubsystem::~UAISubsystem AIPerceptionSystem (000001D717713880), frame # 23613
[2021.01.29-18.56.19:194][613]LogAISub: UAISubsystem::~UAISubsystem EnvQueryManager (000001D71BFA0C00), frame # 23613
[2021.01.29-18.56.19:197][613]LogUObjectHash: Compacting FUObjectHashTables data took   2.88ms
[2021.01.29-18.56.19:233][614]LogPlayLevel: Display: Destroying online subsystem :Context_4
[2021.01.29-18.56.23:133][836]LogRenderer: Reallocating scene render targets to support 1208x900 Format 10 NumSamples 1 (Frame:1).
[2021.01.29-18.57.02:938][919]LogEditorTransaction: Undo Modify Component(s)
[2021.01.29-18.57.03:620][934]LogEditorTransaction: Undo Modify Component(s)
[2021.01.29-18.57.50:186][ 81]BlueprintLog: New page: Compile LevelLayout
[2021.01.29-18.57.50:417][ 81]LogUObjectHash: Compacting FUObjectHashTables data took   2.53ms
[2021.01.29-18.57.52:326][213]LogTemp: Repeating last play command: Selected Viewport
[2021.01.29-18.57.52:340][213]LogPlayLevel: PlayLevel: No blueprints needed recompiling
[2021.01.29-18.57.52:340][213]PIE: New page: PIE session: ThirdPersonExampleMap (29 Jan 2021, 18:57:52)
[2021.01.29-18.57.52:375][213]LogPlayLevel: Creating play world package: /Game/ThirdPersonBP/Maps/UEDPIE_0_ThirdPersonExampleMap
[2021.01.29-18.57.52:391][213]LogPlayLevel: PIE: StaticDuplicateObject took: (0.015123s)
[2021.01.29-18.57.52:392][213]LogAIModule: Creating AISystem for world ThirdPersonExampleMap
[2021.01.29-18.57.52:392][213]LogAISub: UAISubsystem::UAISubsystem EnvQueryManager (000001D7092EE600), frame # 27213
[2021.01.29-18.57.52:392][213]LogAISub: UAISubsystem::UAISubsystem AIPerceptionSystem (000001D71769C540), frame # 27213
[2021.01.29-18.57.52:392][213]LogPlayLevel: PIE: World Init took: (0.001321s)
[2021.01.29-18.57.52:392][213]LogPlayLevel: PIE: Created PIE world by copying editor world from /Game/ThirdPersonBP/Maps/ThirdPersonExampleMap.ThirdPersonExampleMap to /Game/ThirdPersonBP/Maps/UEDPIE_0_ThirdPersonExampleMap.ThirdPersonExampleMap (0.016584s)
[2021.01.29-18.57.52:429][213]LogUObjectHash: Compacting FUObjectHashTables data took   2.94ms
[2021.01.29-18.57.52:432][213]LogAudioMixer: Display: Audio Mixer Platform Settings:
[2021.01.29-18.57.52:432][213]LogAudioMixer: Display: 	Sample Rate:						  48000
[2021.01.29-18.57.52:432][213]LogAudioMixer: Display: 	Callback Buffer Frame Size Requested: 1024
[2021.01.29-18.57.52:432][213]LogAudioMixer: Display: 	Callback Buffer Frame Size To Use:	  1024
[2021.01.29-18.57.52:432][213]LogAudioMixer: Display: 	Number of buffers to queue:			  2
[2021.01.29-18.57.52:432][213]LogAudioMixer: Display: 	Max Channels (voices):				  32
[2021.01.29-18.57.52:432][213]LogAudioMixer: Display: 	Number of Async Source Workers:		  0
[2021.01.29-18.57.52:432][213]LogAudio: Display: AudioDevice MaxSources: 32
[2021.01.29-18.57.52:433][213]LogAudio: Display: Using built-in audio occlusion.
[2021.01.29-18.57.52:433][213]LogAudioMixer: Display: Initializing audio mixer.
[2021.01.29-18.57.52:438][213]LogAudioMixer: Display: 0: FrontLeft
[2021.01.29-18.57.52:438][213]LogAudioMixer: Display: 1: FrontRight
[2021.01.29-18.57.52:458][213]LogAudioMixer: Display: Using Audio Device Speakers (Realtek High Definition Audio)
[2021.01.29-18.57.52:458][213]LogAudioMixer: Display: Initializing Sound Submixes...
[2021.01.29-18.57.52:458][213]LogAudioMixer: Display: Creating Master Submix 'MasterSubmixDefault'
[2021.01.29-18.57.52:458][213]LogAudioMixer: Display: Creating Master Submix 'MasterReverbSubmixDefault'
[2021.01.29-18.57.52:458][213]LogAudioMixer: Display: Creating Master Submix 'MasterEQSubmixDefault'
[2021.01.29-18.57.52:470][213]LogInit: FAudioDevice initialized.
[2021.01.29-18.57.52:482][213]LogLoad: Game class is 'ThirdPersonGameMode_C'
[2021.01.29-18.57.52:495][213]LogWorld: Bringing World /Game/ThirdPersonBP/Maps/UEDPIE_0_ThirdPersonExampleMap.ThirdPersonExampleMap up for play (max tick rate 0) at 2021.01.29-18.57.52
[2021.01.29-18.57.52:495][213]LogWorld: Bringing up level for play took: 0.012640
[2021.01.29-18.57.52:495][213]LogOnline: OSS: Creating online subsystem instance for: :Context_7
[2021.01.29-18.57.52:498][213]PIE: Server logged in
[2021.01.29-18.57.52:498][213]PIE: Play in editor total start time 0.16 seconds.
[2021.01.29-19.00.30:526][459]LogSlate: Updating window title bar state: overlay mode, drag disabled, window buttons hidden, title bar hidden
[2021.01.29-19.00.30:526][459]LogWorld: BeginTearingDown for /Game/ThirdPersonBP/Maps/UEDPIE_0_ThirdPersonExampleMap
[2021.01.29-19.00.30:527][459]LogWorld: UWorld::CleanupWorld for ThirdPersonExampleMap, bSessionEnded=true, bCleanupResources=true
[2021.01.29-19.00.30:528][459]LogSlate: InvalidateAllWidgets triggered.  All widgets were invalidated
[2021.01.29-19.00.30:547][459]LogPlayLevel: Display: Shutting down PIE online subsystems
[2021.01.29-19.00.30:550][459]LogSlate: InvalidateAllWidgets triggered.  All widgets were invalidated
[2021.01.29-19.00.30:588][459]LogSlate: Updating window title bar state: overlay mode, drag disabled, window buttons hidden, title bar hidden
[2021.01.29-19.00.30:589][459]LogAISub: UAISubsystem::~UAISubsystem AIPerceptionSystem (000001D71769C540), frame # 38459
[2021.01.29-19.00.30:589][459]LogAISub: UAISubsystem::~UAISubsystem EnvQueryManager (000001D7092EE600), frame # 38459
[2021.01.29-19.00.30:592][459]LogUObjectHash: Compacting FUObjectHashTables data took   2.32ms
[2021.01.29-19.00.30:622][460]LogPlayLevel: Display: Destroying online subsystem :Context_7
[2021.01.29-19.00.46:991][137]BlueprintLog: New page: Compile LevelLayout
[2021.01.29-19.00.47:143][137]LogUObjectHash: Compacting FUObjectHashTables data took   2.32ms
[2021.01.29-19.01.52:337][501]LogMaterial: Display: Missing cached shader map for material M_Base_Trim, compiling. 
[2021.01.29-19.01.52:413][501]LogShaderCompilers: Display: Worker (1/3): shaders left to compile 24
[2021.01.29-19.01.52:413][501]LogShaderCompilers: Display: Worker (2/3): shaders left to compile 15
[2021.01.29-19.01.52:413][501]LogShaderCompilers: Display: Worker (3/3): shaders left to compile 6
[2021.01.29-19.02.53:235][440]LogMaterial: Display: Missing cached shader map for material M_Base_2C, compiling. 
[2021.01.29-19.02.53:266][440]LogShaderCompilers: Display: Worker (1/3): shaders left to compile 24
[2021.01.29-19.02.53:266][440]LogShaderCompilers: Display: Worker (2/3): shaders left to compile 15
[2021.01.29-19.02.53:266][440]LogShaderCompilers: Display: Worker (3/3): shaders left to compile 6
[2021.01.29-19.08.37:908][957]LogMaterial: Display: Missing cached shader map for material M_SolidColor_Base, compiling. 
[2021.01.29-19.08.37:918][957]LogMaterial: Display: Missing cached shader map for material M_SolidColor_Base, compiling. 
[2021.01.29-19.08.37:934][957]LogShaderCompilers: Display: Worker (1/3): shaders left to compile 24
[2021.01.29-19.08.37:934][957]LogShaderCompilers: Display: Worker (2/3): shaders left to compile 15
[2021.01.29-19.08.37:934][957]LogShaderCompilers: Display: Worker (3/3): shaders left to compile 6
[2021.01.29-19.08.46:743][145]LogShaderCompilers: Display: Worker (3/3): shaders left to compile 24
[2021.01.29-19.08.53:678][294]LogMaterial: Display: Missing cached shader map for material M_Base_3C, compiling. 
[2021.01.29-19.08.54:297][295]LogShaderCompilers: Display: Worker (2/3): shaders left to compile 39
[2021.01.29-19.08.55:355][322]LogShaderCompilers: Display: Worker (1/3): shaders left to compile 29
[2021.01.29-19.09.03:988][518]LogShaderCompilers: Display: Worker (3/3): shaders left to compile 19
[2021.01.29-19.09.12:171][694]LogShaderCompilers: Display: Worker (1/3): shaders left to compile 12
[2021.01.29-19.09.13:122][719]LogShaderCompilers: Display: Worker (2/3): shaders left to compile 7
[2021.01.29-19.09.17:733][839]LogShaderCompilers: Display: Worker (2/3): shaders left to compile 4
[2021.01.29-19.09.18:665][862]LogShaderCompilers: Display: Worker (3/3): shaders left to compile 2
[2021.01.29-19.09.19:568][880]LogShaderCompilers: Display: Worker (3/3): shaders left to compile 1
[2021.01.29-19.10.13:506][745]LogEditorTransaction: Undo Modify Component(s)
[2021.01.29-19.11.39:258][367]LogEditorViewport: Clicking on Actor (LMB): ThirdPersonCharacter_C (ThirdPersonCharacter)
[2021.01.29-19.11.48:470][602]LogTemp: Repeating last play command: Selected Viewport
[2021.01.29-19.11.48:489][602]BlueprintLog: New page: Pre-Play auto-recompile
[2021.01.29-19.11.48:492][602]LogPlayLevel: [PlayLevel] Compiling LevelLayout before play...
[2021.01.29-19.11.50:782][602]LogUObjectHash: Compacting FUObjectHashTables data took   9.60ms
[2021.01.29-19.11.50:787][602]LogPlayLevel: PlayLevel: Blueprint regeneration took 2298 ms (1 blueprints)
[2021.01.29-19.11.50:787][602]PIE: New page: PIE session: ThirdPersonExampleMap (29 Jan 2021, 19:11:50)
[2021.01.29-19.11.50:788][602]LogPlayLevel: Creating play world package: /Game/ThirdPersonBP/Maps/UEDPIE_0_ThirdPersonExampleMap
[2021.01.29-19.11.50:807][602]LogPlayLevel: PIE: StaticDuplicateObject took: (0.018180s)
[2021.01.29-19.11.50:808][602]LogAIModule: Creating AISystem for world ThirdPersonExampleMap
[2021.01.29-19.11.50:808][602]LogAISub: UAISubsystem::UAISubsystem EnvQueryManager (000001D7E2B11600), frame # 60602
[2021.01.29-19.11.50:808][602]LogAISub: UAISubsystem::UAISubsystem AIPerceptionSystem (000001D7E3011F80), frame # 60602
[2021.01.29-19.11.50:808][602]LogPlayLevel: PIE: World Init took: (0.001400s)
[2021.01.29-19.11.50:808][602]LogPlayLevel: PIE: Created PIE world by copying editor world from /Game/ThirdPersonBP/Maps/ThirdPersonExampleMap.ThirdPersonExampleMap to /Game/ThirdPersonBP/Maps/UEDPIE_0_ThirdPersonExampleMap.ThirdPersonExampleMap (0.019742s)
[2021.01.29-19.11.50:868][602]LogUObjectHash: Compacting FUObjectHashTables data took   3.22ms
[2021.01.29-19.11.50:869][602]LogAudioMixer: Display: Audio Mixer Platform Settings:
[2021.01.29-19.11.50:869][602]LogAudioMixer: Display: 	Sample Rate:						  48000
[2021.01.29-19.11.50:869][602]LogAudioMixer: Display: 	Callback Buffer Frame Size Requested: 1024
[2021.01.29-19.11.50:869][602]LogAudioMixer: Display: 	Callback Buffer Frame Size To Use:	  1024
[2021.01.29-19.11.50:869][602]LogAudioMixer: Display: 	Number of buffers to queue:			  2
[2021.01.29-19.11.50:869][602]LogAudioMixer: Display: 	Max Channels (voices):				  32
[2021.01.29-19.11.50:869][602]LogAudioMixer: Display: 	Number of Async Source Workers:		  0
[2021.01.29-19.11.50:869][602]LogAudio: Display: AudioDevice MaxSources: 32
[2021.01.29-19.11.50:870][602]LogAudio: Display: Using built-in audio occlusion.
[2021.01.29-19.11.50:870][602]LogAudioMixer: Display: Initializing audio mixer.
[2021.01.29-19.11.50:875][602]LogAudioMixer: Display: 0: FrontLeft
[2021.01.29-19.11.50:875][602]LogAudioMixer: Display: 1: FrontRight
[2021.01.29-19.11.50:895][602]LogAudioMixer: Display: Using Audio Device Speakers (Realtek High Definition Audio)
[2021.01.29-19.11.50:896][602]LogAudioMixer: Display: Initializing Sound Submixes...
[2021.01.29-19.11.50:896][602]LogAudioMixer: Display: Creating Master Submix 'MasterSubmixDefault'
[2021.01.29-19.11.50:896][602]LogAudioMixer: Display: Creating Master Submix 'MasterReverbSubmixDefault'
[2021.01.29-19.11.50:896][602]LogAudioMixer: Display: Creating Master Submix 'MasterEQSubmixDefault'
[2021.01.29-19.11.50:909][602]LogInit: FAudioDevice initialized.
[2021.01.29-19.11.50:923][602]LogLoad: Game class is 'ThirdPersonGameMode_C'
[2021.01.29-19.11.50:939][602]LogWorld: Bringing World /Game/ThirdPersonBP/Maps/UEDPIE_0_ThirdPersonExampleMap.ThirdPersonExampleMap up for play (max tick rate 0) at 2021.01.29-19.11.50
[2021.01.29-19.11.50:939][602]LogWorld: Bringing up level for play took: 0.015207
[2021.01.29-19.11.50:939][602]LogOnline: OSS: Creating online subsystem instance for: :Context_9
[2021.01.29-19.11.50:941][602]PIE: Server logged in
[2021.01.29-19.11.50:942][602]PIE: Play in editor total start time 2.454 seconds.
[2021.01.29-19.12.00:298][103]LogDerivedDataCache: Warning: FDerivedDataBackendCorruptionWrapper: Corrupted file, ignoring and deleting TEXTURE_564290F8998644E39A2118D5C683187B_AutoDXT_DF8596B0448C6CC66C5FAFB8F4BB1__2FC5574C4F7D0905F82E56104D4751E62DCDBA06.
[2021.01.29-19.12.00:298][103]LogDerivedDataCache: Warning: FDerivedDataBackendCorruptionWrapper: Corrupted file, ignoring and deleting TEXTURE_564290F8998644E39A2118D5C683187B_AutoDXT_6667E15D493C14D8D0D97DB7E8BD5__86A1CCE0FFA53E12E8797C185BD0B4009FA60A64.
[2021.01.29-19.12.01:038][106]LogTexture: Display: Building textures: T_TwinBlast_LowerBody_RGB (AutoDXT, 4096X4096)
[2021.01.29-19.12.19:034][106]LogTexture: Display: Building textures: T_TwinBlast_LowerBody_MASK (AutoDXT, 4096X4096)
[2021.01.29-19.12.29:015][554]LogSlate: Updating window title bar state: overlay mode, drag disabled, window buttons hidden, title bar hidden
[2021.01.29-19.12.29:015][554]LogWorld: BeginTearingDown for /Game/ThirdPersonBP/Maps/UEDPIE_0_ThirdPersonExampleMap
[2021.01.29-19.12.29:015][554]LogWorld: UWorld::CleanupWorld for ThirdPersonExampleMap, bSessionEnded=true, bCleanupResources=true
[2021.01.29-19.12.29:017][554]LogSlate: InvalidateAllWidgets triggered.  All widgets were invalidated
[2021.01.29-19.12.29:035][554]LogPlayLevel: Display: Shutting down PIE online subsystems
[2021.01.29-19.12.29:039][554]LogSlate: InvalidateAllWidgets triggered.  All widgets were invalidated
[2021.01.29-19.12.29:068][554]LogSlate: Updating window title bar state: overlay mode, drag disabled, window buttons hidden, title bar hidden
[2021.01.29-19.12.29:084][554]LogAISub: UAISubsystem::~UAISubsystem AIPerceptionSystem (000001D7E3011F80), frame # 61554
[2021.01.29-19.12.29:084][554]LogAISub: UAISubsystem::~UAISubsystem EnvQueryManager (000001D7E2B11600), frame # 61554
[2021.01.29-19.12.29:087][554]LogUObjectHash: Compacting FUObjectHashTables data took   2.67ms
[2021.01.29-19.12.29:206][555]LogPlayLevel: Display: Destroying online subsystem :Context_9
[2021.01.29-19.12.35:554][782]LogEditorViewport: Clicking on Actor (LMB): LevelLayout_C (LevelLayout)
[2021.01.29-19.13.06:695][  3]LogUObjectHash: Compacting FUObjectHashTables data took   2.88ms
[2021.01.29-19.13.06:765][  3]LogSavePackage: Moving '../../../../../GameJam2021/UnrealEngine/GameJamtest4/MyProject2/Saved/ThirdPersonExampleMap_Auto18AAF739C4989B375E01F909A59A75C6A.tmp' to '../../../../../GameJam2021/UnrealEngine/GameJamtest4/MyProject2/Saved/Autosaves/Game/ThirdPersonBP/Maps/ThirdPersonExampleMap_Auto1.umap'
[2021.01.29-19.13.06:804][  3]LogFileHelpers: Editor autosave (incl. sublevels) for '/Game/ThirdPersonBP/Maps/ThirdPersonExampleMap' took 0.144
[2021.01.29-19.13.06:804][  3]LogFileHelpers: Editor autosave (incl. sublevels) for all levels took 0.144
[2021.01.29-19.13.06:805][  3]OBJ SavePackage: Generating thumbnails for [1] asset(s) in package [/Game/StarterBundle/ModularSci_Int/Meshes/LevelLayout] ([1] browsable assets)...
[2021.01.29-19.13.06:835][  3]OBJ SavePackage:     Rendered thumbnail for [Blueprint /Game/StarterBundle/ModularSci_Int/Meshes/LevelLayout.LevelLayout]
[2021.01.29-19.13.06:835][  3]OBJ SavePackage: Finished generating thumbnails for package [/Game/StarterBundle/ModularSci_Int/Meshes/LevelLayout]
[2021.01.29-19.13.06:898][  3]LogSavePackage: Moving '../../../../../GameJam2021/UnrealEngine/GameJamtest4/MyProject2/Saved/LevelLayout_Auto13355A8184F8C33FA5691368EAA134B21.tmp' to '../../../../../GameJam2021/UnrealEngine/GameJamtest4/MyProject2/Saved/Autosaves/Game/StarterBundle/ModularSci_Int/Meshes/LevelLayout_Auto1.uasset'
[2021.01.29-19.13.06:898][  3]LogFileHelpers: Auto-saving content packages took 0.095
[2021.01.29-19.14.24:814][241]BlueprintLog: New page: Compile LevelLayout
[2021.01.29-19.14.25:163][241]LogUObjectHash: Compacting FUObjectHashTables data took   3.49ms
[2021.01.29-19.14.30:232][346]LogEditorViewport: Clicking on Actor (LMB): LevelLayout_C (LevelLayout)
[2021.01.29-19.14.36:001][479]LogEditorViewport: Clicking on Actor (LMB): PostProcessVolume (PostProcessVolume)
[2021.01.29-19.14.37:007][498]LogEditorViewport: Clicking on Actor (LMB): BP_Sky_Sphere_C (SkySphereBlueprint)
[2021.01.29-19.14.38:292][526]LogEditorViewport: Clicking on Actor (LMB): LevelLayout_C (LevelLayout)
[2021.01.29-19.14.39:099][544]Cmd: DELETE
[2021.01.29-19.14.39:099][544]Cmd: ACTOR DELETE
[2021.01.29-19.14.39:396][544]LogEditorActor: Deleted Actor: LevelLayout_C
[2021.01.29-19.14.39:446][544]LogUObjectHash: Compacting FUObjectHashTables data took   3.44ms
[2021.01.29-19.14.39:451][544]LogEditorActor: Deleted 1 Actors (0.093 secs)
[2021.01.29-19.14.40:259][583]LogEditorViewport: Clicking on Actor (LMB): ThirdPersonCharacter_C (ThirdPersonCharacter)
[2021.01.29-19.14.48:945][903]LogDerivedDataCache: Warning: FDerivedDataBackendCorruptionWrapper: Corrupted file, ignoring and deleting TEXTURE_564290F8998644E39A2118D5C683187B_AutoDXT_8F89F6444FF741035F1E479645F81__D69535FC926D674F8CF0B0EBBF925DEA9954195C.
[2021.01.29-19.14.49:245][906]LogTexture: Display: Building textures: T_Primer_Black_Metal (AutoDXT, 2048X2048)
[2021.01.29-19.14.53:174][907]LogEditorViewport: Clicking on Actor (LMB): StaticMeshActor (Floor)
[2021.01.29-19.14.53:204][907]LogEditorViewport: Clicking on Actor (context menu): StaticMeshActor (Floor)
[2021.01.29-19.14.56:750][ 51]LogEditorViewport: Clicking on Actor (LMB): ThirdPersonCharacter_C (ThirdPersonCharacter)
[2021.01.29-19.15.02:896][266]LogUObjectHash: Compacting FUObjectHashTables data took   3.65ms
[2021.01.29-19.15.02:971][266]LogUObjectHash: Compacting FUObjectHashTables data took   0.63ms
[2021.01.29-19.15.02:999][266]LogSavePackage: Moving '../../../../../GameJam2021/UnrealEngine/GameJamtest4/MyProject2/Saved/ThirdPersonExampleMap69FE1E0942B67AFEB60BD9A44C215773.tmp' to '../../../../../GameJam2021/UnrealEngine/GameJamtest4/MyProject2/Content/ThirdPersonBP/Maps/ThirdPersonExampleMap.umap'
[2021.01.29-19.15.03:045][266]LogFileHelpers: Saving map 'ThirdPersonExampleMap' took 0.113
[2021.01.29-19.15.03:422][266]LogSavePackage: Moving '../../../../../GameJam2021/UnrealEngine/GameJamtest4/MyProject2/Saved/ThirdPersonExampleMap_BuiltData8FCA5C5C459FAE977D27C7B37BD6151E.tmp' to '../../../../../GameJam2021/UnrealEngine/GameJamtest4/MyProject2/Content/ThirdPersonBP/Maps/ThirdPersonExampleMap_BuiltData.uasset'
[2021.01.29-19.15.03:490][266]LogSavePackage: Moving '../../../../../GameJam2021/UnrealEngine/GameJamtest4/MyProject2/Saved/LevelLayout4140DFD04FA011C5EAF126826BA21D28.tmp' to '../../../../../GameJam2021/UnrealEngine/GameJamtest4/MyProject2/Content/StarterBundle/ModularSci_Int/Meshes/LevelLayout.uasset'
[2021.01.29-19.15.03:520][266]AssetCheck: New page: Asset Save: multiple assets
[2021.01.29-19.15.03:520][266]LogContentValidation: Display: Validating World /Game/ThirdPersonBP/Maps/ThirdPersonExampleMap.ThirdPersonExampleMap
[2021.01.29-19.15.03:520][266]LogContentValidation: Display: Validating MapBuildDataRegistry /Game/ThirdPersonBP/Maps/ThirdPersonExampleMap_BuiltData.ThirdPersonExampleMap_BuiltData
[2021.01.29-19.15.03:520][266]LogContentValidation: Display: Validating Blueprint /Game/StarterBundle/ModularSci_Int/Meshes/LevelLayout.LevelLayout
